2025-06-11 09:03:46,968 - INFO - Starting main program
2025-06-11 09:03:50,807 - INFO - Started CameraThread for camera 0
2025-06-11 09:03:54,661 - INFO - Started CameraThread for camera 1
2025-06-11 09:03:58,438 - INFO - Started CameraThread for camera 2
2025-06-11 09:03:58,452 - INFO - Started PairManager thread
2025-06-11 09:35:08,611 - INFO - Shutdown triggered (signal: 2)
2025-06-11 09:35:08,611 - INFO - Stopping CameraThread for camera 0
2025-06-11 09:35:08,611 - INFO - Stopping CameraThread for camera 1
2025-06-11 09:35:08,611 - INFO - Stopping CameraThread for camera 2
2025-06-11 09:35:08,611 - INFO - Stopping PairManager
2025-06-11 09:35:10,627 - INFO - Shutdown triggered (signal: 2)
2025-06-11 09:35:10,627 - INFO - Stopping CameraThread for camera 0
2025-06-11 09:35:10,627 - INFO - Stopping CameraThread for camera 1
2025-06-11 09:35:10,627 - INFO - Stopping CameraThread for camera 2
2025-06-11 09:35:10,627 - INFO - Stopping PairManager
2025-06-11 09:35:12,643 - INFO - All OpenCV windows closed
2025-06-11 09:35:12,643 - INFO - Program terminated successfully
2025-06-11 09:35:19,232 - INFO - Starting main program
2025-06-11 09:35:23,029 - INFO - Started CameraThread for camera 0
2025-06-11 09:35:26,896 - INFO - Started CameraThread for camera 1
2025-06-11 09:35:30,629 - INFO - Started CameraThread for camera 2
2025-06-11 09:35:30,630 - INFO - Started PairManager thread
2025-06-11 09:58:18,672 - INFO - All threads completed
2025-06-11 12:33:13,099 - INFO - Starting main program
2025-06-11 12:33:16,920 - INFO - Started CameraThread for camera 0
2025-06-11 12:33:20,802 - INFO - Started CameraThread for camera 1
2025-06-11 12:33:24,585 - INFO - Started CameraThread for camera 2
2025-06-11 12:33:24,585 - INFO - Started PairManager thread
2025-06-11 12:35:50,615 - INFO - Shutdown triggered (signal: 2)
2025-06-11 12:35:50,615 - INFO - Stopping CameraThread for camera 0
2025-06-11 12:35:50,710 - INFO - Shutdown triggered (signal: 2)
2025-06-11 12:35:50,710 - INFO - Stopping CameraThread for camera 0
2025-06-11 12:35:52,719 - INFO - Shutdown triggered (signal: 2)
2025-06-11 12:35:52,719 - INFO - Stopping CameraThread for camera 0
2025-06-11 12:35:54,731 - INFO - Stopping CameraThread for camera 1
2025-06-11 12:35:54,731 - INFO - Stopping CameraThread for camera 2
2025-06-11 12:35:54,731 - INFO - Stopping PairManager
2025-06-11 12:35:56,740 - INFO - All OpenCV windows closed
2025-06-11 12:35:56,740 - INFO - Program terminated successfully
2025-06-11 12:36:52,600 - INFO - Starting main program
2025-06-11 12:36:56,453 - INFO - Started CameraThread for camera 0
2025-06-11 12:37:00,342 - INFO - Started CameraThread for camera 1
2025-06-11 12:37:04,091 - INFO - Started CameraThread for camera 2
2025-06-11 12:37:04,091 - INFO - Started PairManager thread
2025-06-11 12:39:44,193 - INFO - All threads completed
2025-06-11 12:41:27,303 - INFO - Starting main program
2025-06-11 12:41:31,099 - INFO - Started CameraThread for camera 0
2025-06-11 12:41:34,983 - INFO - Started CameraThread for camera 1
2025-06-11 12:41:38,730 - INFO - Started CameraThread for camera 2
2025-06-11 12:41:38,731 - INFO - Started PairManager thread
2025-06-11 12:52:44,366 - INFO - All threads completed
2025-06-11 12:53:07,647 - INFO - Starting main program
2025-06-11 12:53:11,471 - INFO - Started CameraThread for camera 0
2025-06-11 12:53:15,346 - INFO - Started CameraThread for camera 1
2025-06-11 12:53:19,099 - INFO - Started CameraThread for camera 2
2025-06-11 12:53:19,101 - INFO - Started PairManager thread
2025-06-11 12:55:06,259 - INFO - Shutdown triggered (signal: 2)
2025-06-11 12:55:06,259 - INFO - Stopping CameraThread for camera 0
2025-06-11 12:55:06,259 - INFO - Stopping CameraThread for camera 1
2025-06-11 12:55:06,259 - INFO - Stopping CameraThread for camera 2
2025-06-11 12:55:06,259 - INFO - Stopping PairManager
2025-06-11 12:55:13,746 - INFO - Starting main program
2025-06-11 12:55:17,561 - INFO - Started CameraThread for camera 0
2025-06-11 12:55:21,388 - INFO - Started CameraThread for camera 1
2025-06-11 12:55:25,184 - INFO - Started CameraThread for camera 2
2025-06-11 12:55:25,184 - INFO - Started PairManager thread
2025-06-11 13:14:51,131 - INFO - All threads completed
2025-06-11 13:45:26,590 - INFO - Starting main program
2025-06-11 13:45:30,305 - INFO - Started CameraThread for camera 0
2025-06-11 13:45:34,193 - INFO - Started CameraThread for camera 1
2025-06-11 13:45:37,990 - INFO - Started CameraThread for camera 2
2025-06-11 13:45:37,991 - INFO - Started PairManager thread
2025-06-11 13:49:44,011 - INFO - Shutdown triggered (signal: 2)
2025-06-11 13:49:44,011 - INFO - Stopping CameraThread for camera 0
2025-06-11 13:49:44,185 - INFO - Shutdown triggered (signal: 2)
2025-06-11 13:49:44,185 - INFO - Stopping CameraThread for camera 0
2025-06-11 13:49:46,193 - INFO - Shutdown triggered (signal: 2)
2025-06-11 13:49:46,193 - INFO - Stopping CameraThread for camera 0
2025-06-11 13:49:48,205 - INFO - Shutdown triggered (signal: 2)
2025-06-11 13:49:48,205 - INFO - Stopping CameraThread for camera 0
2025-06-11 13:49:50,209 - INFO - Shutdown triggered (signal: 2)
2025-06-11 13:49:50,209 - INFO - Stopping CameraThread for camera 0
2025-06-11 13:49:52,213 - INFO - Stopping CameraThread for camera 1
2025-06-11 13:49:52,213 - INFO - Stopping CameraThread for camera 2
2025-06-11 13:49:52,213 - INFO - Stopping PairManager
2025-06-11 13:49:54,218 - INFO - All OpenCV windows closed
2025-06-11 13:49:54,218 - INFO - Program terminated successfully
2025-06-11 14:09:12,914 - INFO - Starting main program
2025-06-11 14:09:16,671 - INFO - Started CameraThread for camera 0
2025-06-11 14:09:20,560 - INFO - Started CameraThread for camera 1
2025-06-11 14:09:24,351 - INFO - Started CameraThread for camera 2
2025-06-11 14:09:24,352 - INFO - Started PairManager thread
2025-06-11 14:24:17,626 - INFO - All threads completed
2025-06-11 14:41:25,934 - INFO - Starting main program
2025-06-11 14:41:29,687 - INFO - Started CameraThread for camera 0
2025-06-11 14:41:33,425 - INFO - Started CameraThread for camera 1
2025-06-11 14:41:37,212 - INFO - Started CameraThread for camera 2
2025-06-11 14:41:37,213 - INFO - Started PairManager thread
2025-06-11 14:41:59,272 - INFO - All threads completed
2025-06-11 15:09:51,277 - INFO - Starting main program
2025-06-11 15:09:55,043 - INFO - Started CameraThread for camera 0
2025-06-11 15:09:58,745 - INFO - Started CameraThread for camera 1
2025-06-11 15:10:02,535 - INFO - Started CameraThread for camera 2
2025-06-11 15:10:02,536 - INFO - Started PairManager thread
2025-06-11 15:23:41,539 - INFO - All threads completed
