2025-06-10 07:43:00,464 - INFO - Starting main program
2025-06-10 07:43:04,405 - INFO - Started CameraThread for camera 0
2025-06-10 07:43:08,130 - INFO - Started CameraThread for camera 1
2025-06-10 07:43:11,916 - INFO - Started CameraThread for camera 2
2025-06-10 07:43:11,917 - INFO - Started PairManager thread
2025-06-10 08:08:21,846 - INFO - Shutdown triggered (signal: 2)
2025-06-10 08:08:21,846 - INFO - Stopping CameraThread for camera 0
2025-06-10 08:08:21,902 - INFO - Shutdown triggered (signal: 2)
2025-06-10 08:08:21,902 - INFO - Stopping CameraThread for camera 0
2025-06-10 08:08:23,905 - INFO - Shutdown triggered (signal: 2)
2025-06-10 08:08:23,905 - INFO - Stopping CameraThread for camera 0
2025-06-10 08:08:25,921 - INFO - Stopping CameraThread for camera 1
2025-06-10 08:08:25,921 - INFO - Stopping CameraThread for camera 2
2025-06-10 08:08:25,921 - INFO - Stopping PairManager
2025-06-10 08:08:25,937 - INFO - All OpenCV windows closed
2025-06-10 08:08:25,937 - INFO - Program terminated successfully
2025-06-10 08:08:28,442 - INFO - Starting main program
2025-06-10 08:08:32,169 - INFO - Started CameraThread for camera 0
2025-06-10 08:08:35,941 - INFO - Started CameraThread for camera 1
2025-06-10 08:08:39,681 - INFO - Started CameraThread for camera 2
2025-06-10 08:08:39,682 - INFO - Started PairManager thread
2025-06-10 08:45:19,441 - INFO - Shutdown triggered (signal: 2)
2025-06-10 08:45:19,441 - INFO - Stopping CameraThread for camera 0
2025-06-10 08:45:19,556 - INFO - Shutdown triggered (signal: 2)
2025-06-10 08:45:19,556 - INFO - Stopping CameraThread for camera 0
2025-06-10 08:45:21,563 - INFO - Shutdown triggered (signal: 2)
2025-06-10 08:45:21,563 - INFO - Stopping CameraThread for camera 0
2025-06-10 08:45:23,563 - INFO - Stopping CameraThread for camera 1
2025-06-10 08:45:23,563 - INFO - Stopping CameraThread for camera 2
2025-06-10 08:45:23,563 - INFO - Stopping PairManager
2025-06-10 08:45:23,583 - INFO - All OpenCV windows closed
2025-06-10 08:45:23,583 - INFO - Program terminated successfully
2025-06-10 09:15:59,269 - INFO - Starting main program
2025-06-10 09:16:03,074 - INFO - Started CameraThread for camera 0
2025-06-10 09:16:06,847 - INFO - Started CameraThread for camera 1
2025-06-10 09:16:10,599 - INFO - Started CameraThread for camera 2
2025-06-10 09:16:10,600 - INFO - Started PairManager thread
2025-06-10 09:34:34,953 - INFO - Shutdown triggered (signal: 2)
2025-06-10 09:34:34,953 - INFO - Stopping CameraThread for camera 0
2025-06-10 09:34:35,057 - INFO - Stopping CameraThread for camera 1
2025-06-10 09:34:35,131 - INFO - Shutdown triggered (signal: 2)
2025-06-10 09:34:35,131 - INFO - Stopping CameraThread for camera 0
2025-06-10 09:34:35,131 - INFO - Stopping CameraThread for camera 1
2025-06-10 09:34:37,140 - INFO - Shutdown triggered (signal: 2)
2025-06-10 09:34:37,140 - INFO - Stopping CameraThread for camera 0
2025-06-10 09:34:37,140 - INFO - Stopping CameraThread for camera 1
2025-06-10 09:34:39,145 - INFO - Stopping CameraThread for camera 2
2025-06-10 09:34:39,145 - INFO - Stopping PairManager
2025-06-10 09:34:41,149 - INFO - All OpenCV windows closed
2025-06-10 09:34:41,149 - INFO - Program terminated successfully
2025-06-10 09:47:25,238 - INFO - Starting main program
2025-06-10 09:47:28,982 - INFO - Started CameraThread for camera 0
2025-06-10 09:47:32,718 - INFO - Started CameraThread for camera 1
2025-06-10 09:47:36,469 - INFO - Started CameraThread for camera 2
2025-06-10 09:47:36,470 - INFO - Started PairManager thread
2025-06-10 09:59:23,326 - INFO - Shutdown triggered (signal: 2)
2025-06-10 09:59:23,326 - INFO - Stopping CameraThread for camera 0
2025-06-10 09:59:23,493 - INFO - Shutdown triggered (signal: 2)
2025-06-10 09:59:23,493 - INFO - Stopping CameraThread for camera 0
2025-06-10 09:59:25,503 - INFO - Shutdown triggered (signal: 2)
2025-06-10 09:59:25,503 - INFO - Stopping CameraThread for camera 0
2025-06-10 09:59:27,512 - INFO - Stopping CameraThread for camera 1
2025-06-10 09:59:27,512 - INFO - Stopping CameraThread for camera 2
2025-06-10 09:59:27,512 - INFO - Stopping PairManager
2025-06-10 09:59:29,522 - INFO - All OpenCV windows closed
2025-06-10 09:59:29,522 - INFO - Program terminated successfully
2025-06-10 10:51:00,115 - INFO - Starting main program
2025-06-10 10:51:03,874 - INFO - Started CameraThread for camera 0
2025-06-10 10:51:07,655 - INFO - Started CameraThread for camera 1
2025-06-10 10:51:11,413 - INFO - Started CameraThread for camera 2
2025-06-10 10:51:11,414 - INFO - Started PairManager thread
2025-06-10 10:52:19,367 - INFO - All threads completed
2025-06-10 13:16:53,024 - INFO - Starting main program
2025-06-10 13:16:56,897 - INFO - Started CameraThread for camera 0
2025-06-10 13:17:00,696 - INFO - Started CameraThread for camera 1
2025-06-10 13:17:04,456 - INFO - Started CameraThread for camera 2
2025-06-10 13:17:04,456 - INFO - Started PairManager thread
2025-06-10 13:30:21,181 - INFO - Shutdown triggered (signal: 2)
2025-06-10 13:30:21,181 - INFO - Stopping CameraThread for camera 0
2025-06-10 13:30:21,222 - INFO - Stopping CameraThread for camera 1
2025-06-10 13:30:21,338 - INFO - Shutdown triggered (signal: 2)
2025-06-10 13:30:21,338 - INFO - Stopping CameraThread for camera 0
2025-06-10 13:30:21,338 - INFO - Stopping CameraThread for camera 1
2025-06-10 13:30:23,342 - INFO - Shutdown triggered (signal: 2)
2025-06-10 13:30:23,342 - INFO - Stopping CameraThread for camera 0
2025-06-10 13:30:23,342 - INFO - Stopping CameraThread for camera 1
2025-06-10 13:30:25,357 - INFO - Shutdown triggered (signal: 2)
2025-06-10 13:30:25,357 - INFO - Stopping CameraThread for camera 0
2025-06-10 13:30:25,357 - INFO - Stopping CameraThread for camera 1
2025-06-10 13:30:27,361 - INFO - Stopping CameraThread for camera 2
2025-06-10 13:30:27,361 - INFO - Stopping PairManager
2025-06-10 13:30:27,377 - INFO - All OpenCV windows closed
2025-06-10 13:30:27,377 - INFO - Program terminated successfully
2025-06-10 15:12:54,852 - INFO - Starting main program
2025-06-10 15:12:58,659 - INFO - Started CameraThread for camera 0
2025-06-10 15:13:02,473 - INFO - Started CameraThread for camera 1
2025-06-10 15:13:06,236 - INFO - Started CameraThread for camera 2
2025-06-10 15:13:06,237 - INFO - Started PairManager thread
2025-06-10 15:23:41,991 - INFO - Starting main program
2025-06-10 15:23:45,720 - INFO - Started CameraThread for camera 0
2025-06-10 15:23:49,526 - INFO - Started CameraThread for camera 1
2025-06-10 15:23:53,300 - INFO - Started CameraThread for camera 2
2025-06-10 15:23:53,301 - INFO - Started PairManager thread
2025-06-10 15:24:56,792 - INFO - All threads completed
2025-06-10 15:38:34,300 - INFO - Starting main program
2025-06-10 15:38:38,112 - INFO - Started CameraThread for camera 0
2025-06-10 15:38:41,920 - INFO - Started CameraThread for camera 1
2025-06-10 15:38:45,687 - INFO - Started CameraThread for camera 2
2025-06-10 15:38:45,688 - INFO - Started PairManager thread
2025-06-10 15:58:04,605 - INFO - All threads completed
2025-06-10 15:58:31,538 - INFO - Starting main program
2025-06-10 15:58:35,296 - INFO - Started CameraThread for camera 0
2025-06-10 15:58:39,106 - INFO - Started CameraThread for camera 1
2025-06-10 15:58:42,877 - INFO - Started CameraThread for camera 2
2025-06-10 15:58:42,878 - INFO - Started PairManager thread
2025-06-10 15:59:04,999 - INFO - All threads completed
2025-06-10 16:48:38,706 - INFO - Starting main program
2025-06-10 16:48:42,412 - INFO - Started CameraThread for camera 0
2025-06-10 16:48:46,228 - INFO - Started CameraThread for camera 1
2025-06-10 16:48:50,009 - INFO - Started CameraThread for camera 2
2025-06-10 16:48:50,010 - INFO - Started PairManager thread
2025-06-10 16:49:14,724 - INFO - Shutdown triggered (signal: 2)
2025-06-10 16:49:14,724 - INFO - Stopping CameraThread for camera 0
2025-06-10 16:49:14,724 - INFO - Stopping CameraThread for camera 1
2025-06-10 16:49:14,725 - INFO - Stopping CameraThread for camera 2
2025-06-10 16:49:14,725 - INFO - Stopping PairManager
2025-06-10 16:49:14,752 - INFO - All OpenCV windows closed
2025-06-10 16:49:14,752 - INFO - Program terminated successfully
2025-06-10 16:49:18,724 - INFO - Starting main program
2025-06-10 16:49:22,561 - INFO - Started CameraThread for camera 0
2025-06-10 16:49:26,372 - INFO - Started CameraThread for camera 1
2025-06-10 16:49:30,159 - INFO - Started CameraThread for camera 2
2025-06-10 16:49:30,160 - INFO - Started PairManager thread
2025-06-10 16:49:37,235 - INFO - Shutdown triggered (signal: 2)
2025-06-10 16:49:37,235 - INFO - Stopping CameraThread for camera 0
2025-06-10 16:49:37,279 - INFO - Stopping CameraThread for camera 1
2025-06-10 16:49:37,402 - INFO - Stopping CameraThread for camera 2
2025-06-10 16:49:37,403 - INFO - Stopping PairManager
2025-06-10 16:49:37,482 - INFO - Shutdown triggered (signal: 2)
2025-06-10 16:49:37,482 - INFO - Stopping CameraThread for camera 0
2025-06-10 16:49:37,482 - INFO - Stopping CameraThread for camera 1
2025-06-10 16:49:37,482 - INFO - Stopping CameraThread for camera 2
2025-06-10 16:49:37,482 - INFO - Stopping PairManager
2025-06-10 16:49:39,493 - INFO - Shutdown triggered (signal: 2)
2025-06-10 16:49:39,493 - INFO - Stopping CameraThread for camera 0
2025-06-10 16:49:39,493 - INFO - Stopping CameraThread for camera 1
2025-06-10 16:49:39,493 - INFO - Stopping CameraThread for camera 2
2025-06-10 16:49:39,493 - INFO - Stopping PairManager
2025-06-10 16:49:41,508 - INFO - All OpenCV windows closed
2025-06-10 16:49:41,508 - INFO - Program terminated successfully
