2025-06-09 10:00:47,063 - INFO - Starting main program
2025-06-09 10:00:50,938 - INFO - Started CameraThread for camera 0
2025-06-09 10:00:50,938 - ERROR - Error in main: list indices must be integers or slices, not str
2025-06-09 10:00:50,939 - INFO - Shutting down...
2025-06-09 10:00:50,939 - INFO - Stopped CameraThread for camera 0
2025-06-09 10:00:50,944 - INFO - All OpenCV windows closed
2025-06-09 10:03:16,302 - INFO - Starting main program
2025-06-09 10:03:20,172 - INFO - Started CameraThread for camera 0
2025-06-09 10:03:20,172 - ERROR - Error in main: list indices must be integers or slices, not str
2025-06-09 10:03:20,172 - INFO - Shutting down...
2025-06-09 10:03:20,172 - INFO - Stopped CameraThread for camera 0
2025-06-09 10:03:20,178 - INFO - All OpenCV windows closed
2025-06-09 10:12:42,324 - INFO - Starting main program
2025-06-09 10:12:46,092 - INFO - Started CameraThread for camera 0
2025-06-09 10:12:46,093 - INFO - Started PairManager thread
2025-06-09 12:30:01,800 - INFO - Starting main program
2025-06-09 12:30:05,673 - INFO - Started CameraThread for camera 0
2025-06-09 12:30:09,543 - INFO - Started CameraThread for camera 1
2025-06-09 12:30:13,347 - INFO - Started CameraThread for camera 2
2025-06-09 12:30:13,347 - INFO - Started PairManager thread
2025-06-09 12:34:04,983 - INFO - Starting main program
2025-06-09 12:34:08,839 - INFO - Started CameraThread for camera 0
2025-06-09 12:34:12,679 - INFO - Started CameraThread for camera 1
2025-06-09 12:34:16,549 - INFO - Started CameraThread for camera 2
2025-06-09 12:34:16,549 - INFO - Started PairManager thread
2025-06-09 12:35:22,201 - INFO - Starting main program
2025-06-09 12:35:25,938 - INFO - Started CameraThread for camera 0
2025-06-09 12:35:29,780 - INFO - Started CameraThread for camera 1
2025-06-09 12:35:33,647 - INFO - Started CameraThread for camera 2
2025-06-09 12:35:33,648 - INFO - Started PairManager thread
2025-06-09 12:46:26,712 - INFO - Starting main program
2025-06-09 12:46:30,511 - INFO - Started CameraThread for camera 0
2025-06-09 12:46:34,352 - INFO - Started CameraThread for camera 1
2025-06-09 12:46:38,181 - INFO - Started CameraThread for camera 2
2025-06-09 12:46:38,182 - INFO - Started PairManager thread
2025-06-09 12:46:38,183 - INFO - Keyboard listener started. Press 'q' to quit.
2025-06-09 12:46:38,183 - INFO - Keyboard listener thread started
2025-06-09 12:47:22,602 - INFO - Quit key 'q' detected
2025-06-09 12:47:22,602 - INFO - Shutdown triggered (signal: manual)
2025-06-09 12:47:22,602 - INFO - Stopping CameraThread for camera 0
2025-06-09 12:47:22,637 - INFO - Stopping CameraThread for camera 1
2025-06-09 12:47:22,678 - INFO - Stopping CameraThread for camera 2
2025-06-09 12:47:22,860 - INFO - Stopping PairManager
2025-06-09 12:47:22,937 - INFO - All threads completed
2025-06-09 12:47:22,937 - INFO - All OpenCV windows closed
2025-06-09 12:47:22,937 - INFO - Program terminated successfully
2025-06-09 13:03:57,355 - INFO - Starting main program
2025-06-09 13:04:01,131 - INFO - Started CameraThread for camera 0
2025-06-09 13:04:04,944 - INFO - Started CameraThread for camera 1
2025-06-09 13:04:08,809 - INFO - Started CameraThread for camera 2
2025-06-09 13:04:08,810 - INFO - Started PairManager thread
2025-06-09 13:04:08,810 - INFO - Keyboard listener started. Press 'q' to quit.
2025-06-09 13:04:08,810 - INFO - Keyboard listener thread started
2025-06-09 13:29:20,254 - INFO - Quit key 'q' detected
2025-06-09 13:29:20,254 - INFO - Shutdown triggered (signal: manual)
2025-06-09 13:29:20,254 - INFO - Stopping CameraThread for camera 0
2025-06-09 13:29:20,297 - INFO - Stopping CameraThread for camera 1
2025-06-09 13:29:20,465 - INFO - Stopping CameraThread for camera 2
2025-06-09 13:29:20,486 - INFO - Stopping PairManager
2025-06-09 13:29:20,509 - INFO - All threads completed
2025-06-09 13:29:20,513 - INFO - All OpenCV windows closed
2025-06-09 13:29:20,513 - INFO - Program terminated successfully
2025-06-09 14:14:15,294 - INFO - Starting main program
2025-06-09 14:14:19,070 - INFO - Started CameraThread for camera 0
2025-06-09 14:14:22,956 - INFO - Started CameraThread for camera 1
2025-06-09 14:14:26,768 - INFO - Started CameraThread for camera 2
2025-06-09 14:14:26,770 - INFO - Started PairManager thread
2025-06-09 14:14:26,771 - INFO - Keyboard listener started. Press 'q' to quit.
2025-06-09 14:14:26,771 - INFO - Keyboard listener thread started
2025-06-09 14:15:45,445 - INFO - Shutdown triggered (signal: 2)
2025-06-09 14:15:45,445 - INFO - Stopping CameraThread for camera 0
2025-06-09 14:15:45,574 - INFO - Stopping CameraThread for camera 1
2025-06-09 14:15:45,618 - INFO - Stopping CameraThread for camera 2
2025-06-09 14:15:45,729 - INFO - Stopping PairManager
2025-06-09 14:15:45,791 - INFO - All OpenCV windows closed
2025-06-09 14:15:45,791 - INFO - Program terminated successfully
2025-06-09 14:16:03,450 - INFO - Starting main program
2025-06-09 14:16:07,162 - INFO - Started CameraThread for camera 0
2025-06-09 14:16:11,051 - INFO - Started CameraThread for camera 1
2025-06-09 14:16:14,859 - INFO - Started CameraThread for camera 2
2025-06-09 14:16:14,859 - INFO - Started PairManager thread
2025-06-09 14:16:14,860 - INFO - Keyboard listener started. Press 'q' to quit.
2025-06-09 14:16:14,860 - INFO - Keyboard listener thread started
2025-06-09 14:31:16,735 - INFO - Quit key 'q' detected
2025-06-09 14:31:16,736 - INFO - Shutdown triggered (signal: manual)
2025-06-09 14:31:16,736 - INFO - Stopping CameraThread for camera 0
2025-06-09 14:31:16,752 - INFO - Stopping CameraThread for camera 1
2025-06-09 14:31:16,789 - INFO - Stopping CameraThread for camera 2
2025-06-09 14:31:16,973 - INFO - Stopping PairManager
2025-06-09 14:31:17,058 - INFO - All threads completed
2025-06-09 14:31:17,058 - INFO - All OpenCV windows closed
2025-06-09 14:31:17,058 - INFO - Program terminated successfully
2025-06-09 14:57:30,046 - INFO - Starting main program
2025-06-09 14:57:33,833 - INFO - Started CameraThread for camera 0
2025-06-09 14:57:37,676 - INFO - Started CameraThread for camera 1
2025-06-09 14:57:41,488 - INFO - Started CameraThread for camera 2
2025-06-09 14:57:41,489 - INFO - Started PairManager thread
2025-06-09 14:57:41,489 - INFO - Keyboard listener started. Press 'q' to quit.
2025-06-09 14:57:41,489 - INFO - Keyboard listener thread started
2025-06-09 15:00:12,236 - INFO - Starting main program
2025-06-09 15:00:16,020 - INFO - Started CameraThread for camera 0
2025-06-09 15:00:19,911 - INFO - Started CameraThread for camera 1
2025-06-09 15:00:23,724 - INFO - Started CameraThread for camera 2
2025-06-09 15:00:23,725 - INFO - Started PairManager thread
2025-06-09 15:00:23,726 - INFO - Keyboard listener started. Press 'q' to quit.
2025-06-09 15:00:23,726 - INFO - Keyboard listener thread started
2025-06-09 15:00:28,676 - INFO - Quit key 'q' detected
2025-06-09 15:00:28,676 - INFO - Shutdown triggered (signal: manual)
2025-06-09 15:00:28,676 - INFO - Stopping CameraThread for camera 0
2025-06-09 15:00:28,745 - INFO - Stopping CameraThread for camera 1
2025-06-09 15:00:28,763 - INFO - Stopping CameraThread for camera 2
2025-06-09 15:00:28,909 - INFO - Stopping PairManager
2025-06-09 15:00:28,948 - INFO - All threads completed
2025-06-09 15:00:28,948 - INFO - All OpenCV windows closed
2025-06-09 15:00:28,949 - INFO - Program terminated successfully
2025-06-09 15:00:33,659 - INFO - Starting main program
2025-06-09 15:00:37,535 - INFO - Started CameraThread for camera 0
2025-06-09 15:00:41,388 - INFO - Started CameraThread for camera 1
2025-06-09 15:00:45,195 - INFO - Started CameraThread for camera 2
2025-06-09 15:00:45,196 - INFO - Started PairManager thread
2025-06-09 15:00:45,197 - INFO - Keyboard listener started. Press 'q' to quit.
2025-06-09 15:00:45,197 - INFO - Keyboard listener thread started
2025-06-09 15:07:42,965 - INFO - Shutdown triggered (signal: 2)
2025-06-09 15:07:42,965 - INFO - Stopping CameraThread for camera 0
2025-06-09 15:07:43,082 - INFO - Stopping CameraThread for camera 1
2025-06-09 15:07:43,123 - INFO - Stopping CameraThread for camera 2
2025-06-09 15:07:43,313 - INFO - Stopping PairManager
2025-06-09 15:07:43,392 - INFO - All OpenCV windows closed
2025-06-09 15:07:43,392 - INFO - Program terminated successfully
2025-06-09 15:09:31,870 - INFO - Starting main program
2025-06-09 15:09:35,664 - INFO - Started CameraThread for camera 0
2025-06-09 15:09:39,552 - INFO - Started CameraThread for camera 1
2025-06-09 15:09:43,369 - INFO - Started CameraThread for camera 2
2025-06-09 15:09:43,369 - INFO - Started PairManager thread
2025-06-09 15:09:43,369 - INFO - Keyboard listener started. Press 'q' to quit.
2025-06-09 15:09:43,369 - INFO - Keyboard listener thread started
2025-06-09 15:11:31,411 - INFO - Shutdown triggered (signal: 2)
2025-06-09 15:11:31,411 - INFO - Stopping CameraThread for camera 0
2025-06-09 15:11:31,450 - INFO - Stopping CameraThread for camera 1
2025-06-09 15:11:31,659 - INFO - Shutdown triggered (signal: 2)
2025-06-09 15:11:31,659 - INFO - Stopping CameraThread for camera 0
2025-06-09 15:11:31,659 - INFO - Stopping CameraThread for camera 1
2025-06-09 15:11:33,666 - INFO - Shutdown triggered (signal: 2)
2025-06-09 15:11:33,666 - INFO - Stopping CameraThread for camera 0
2025-06-09 15:11:33,666 - INFO - Stopping CameraThread for camera 1
2025-06-09 15:11:34,420 - INFO - Quit key 'q' detected
2025-06-09 15:11:34,420 - INFO - Shutdown triggered (signal: manual)
2025-06-09 15:11:34,420 - INFO - Stopping CameraThread for camera 0
2025-06-09 15:11:34,420 - INFO - Stopping CameraThread for camera 1
2025-06-09 15:11:35,678 - INFO - Stopping CameraThread for camera 2
2025-06-09 15:11:35,803 - INFO - Stopping PairManager
2025-06-09 15:11:35,861 - INFO - All OpenCV windows closed
2025-06-09 15:11:35,861 - INFO - Program terminated successfully
2025-06-09 15:16:02,609 - INFO - Starting main program
2025-06-09 15:16:06,390 - INFO - Started CameraThread for camera 0
2025-06-09 15:16:10,280 - INFO - Started CameraThread for camera 1
2025-06-09 15:16:14,098 - INFO - Started CameraThread for camera 2
2025-06-09 15:16:14,098 - INFO - Started PairManager thread
2025-06-09 15:16:14,098 - INFO - Keyboard listener started. Press 'q' to quit.
2025-06-09 15:16:14,098 - INFO - Keyboard listener thread started
2025-06-09 15:22:27,938 - INFO - Quit key 'q' detected
2025-06-09 15:22:27,938 - INFO - Shutdown triggered (signal: manual)
2025-06-09 15:22:27,938 - INFO - Stopping CameraThread for camera 0
2025-06-09 15:22:27,985 - INFO - Stopping CameraThread for camera 1
2025-06-09 15:22:28,033 - INFO - Stopping CameraThread for camera 2
2025-06-09 15:22:28,181 - INFO - Stopping PairManager
2025-06-09 15:22:28,269 - INFO - All threads completed
2025-06-09 15:22:28,269 - INFO - All OpenCV windows closed
2025-06-09 15:22:28,269 - INFO - Program terminated successfully
2025-06-09 15:24:05,079 - INFO - Starting main program
2025-06-09 15:24:08,899 - INFO - Started CameraThread for camera 0
2025-06-09 15:24:12,790 - INFO - Started CameraThread for camera 1
2025-06-09 15:24:16,604 - INFO - Started CameraThread for camera 2
2025-06-09 15:24:16,605 - INFO - Started PairManager thread
2025-06-09 15:24:16,606 - INFO - Keyboard listener started. Press 'q' to quit.
2025-06-09 15:24:16,606 - INFO - Keyboard listener thread started
2025-06-09 15:24:36,882 - INFO - Quit key 'q' detected
2025-06-09 15:24:36,882 - INFO - Shutdown triggered (signal: manual)
2025-06-09 15:24:36,882 - INFO - Stopping CameraThread for camera 0
2025-06-09 15:24:36,907 - INFO - Stopping CameraThread for camera 1
2025-06-09 15:24:36,955 - INFO - Stopping CameraThread for camera 2
2025-06-09 15:24:37,148 - INFO - Stopping PairManager
2025-06-09 15:24:37,223 - INFO - All threads completed
2025-06-09 15:24:37,223 - INFO - All OpenCV windows closed
2025-06-09 15:24:37,224 - INFO - Program terminated successfully
2025-06-09 15:25:06,823 - INFO - Starting main program
2025-06-09 15:25:10,679 - INFO - Started CameraThread for camera 0
2025-06-09 15:25:14,570 - INFO - Started CameraThread for camera 1
2025-06-09 15:25:18,390 - INFO - Started CameraThread for camera 2
2025-06-09 15:25:18,391 - INFO - Started PairManager thread
2025-06-09 15:25:18,391 - INFO - Keyboard listener started. Press 'q' to quit.
2025-06-09 15:25:18,391 - INFO - Keyboard listener thread started
2025-06-09 15:39:06,497 - INFO - Quit key 'q' detected
2025-06-09 15:39:06,497 - INFO - Shutdown triggered (signal: manual)
2025-06-09 15:39:06,497 - INFO - Stopping CameraThread for camera 0
2025-06-09 15:39:06,658 - INFO - Stopping CameraThread for camera 1
2025-06-09 15:39:06,709 - INFO - Stopping CameraThread for camera 2
2025-06-09 15:39:06,868 - INFO - Stopping PairManager
2025-06-09 15:39:06,875 - INFO - All threads completed
2025-06-09 15:39:06,875 - INFO - All OpenCV windows closed
2025-06-09 15:39:06,876 - INFO - Program terminated successfully
2025-06-09 15:39:11,652 - INFO - Starting main program
2025-06-09 15:39:15,446 - INFO - Started CameraThread for camera 0
2025-06-09 15:39:19,175 - INFO - Started CameraThread for camera 1
2025-06-09 15:39:22,993 - INFO - Started CameraThread for camera 2
2025-06-09 15:39:22,994 - INFO - Started PairManager thread
2025-06-09 15:43:11,934 - INFO - Shutdown triggered (signal: manual)
2025-06-09 15:43:11,934 - INFO - Stopping CameraThread for camera 0
2025-06-09 15:43:11,983 - INFO - Stopping CameraThread for camera 1
2025-06-09 15:43:12,010 - INFO - Stopping CameraThread for camera 2
2025-06-09 15:43:12,200 - INFO - Stopping PairManager
2025-06-09 15:43:12,243 - INFO - All OpenCV windows closed
2025-06-09 15:43:12,243 - INFO - Program terminated successfully
2025-06-09 15:43:17,631 - INFO - Starting main program
2025-06-09 15:43:21,457 - INFO - Started CameraThread for camera 0
2025-06-09 15:43:25,142 - INFO - Started CameraThread for camera 1
2025-06-09 15:43:28,965 - INFO - Started CameraThread for camera 2
2025-06-09 15:43:28,966 - INFO - Started PairManager thread
2025-06-09 15:43:35,009 - INFO - All threads completed
2025-06-09 15:44:18,018 - INFO - Starting main program
2025-06-09 15:44:21,714 - INFO - Started CameraThread for camera 0
2025-06-09 15:44:25,608 - INFO - Started CameraThread for camera 1
2025-06-09 15:44:29,422 - INFO - Started CameraThread for camera 2
2025-06-09 15:44:29,423 - INFO - Started PairManager thread
2025-06-09 16:03:30,862 - INFO - Shutdown triggered (signal: 2)
2025-06-09 16:03:30,862 - INFO - Stopping CameraThread for camera 0
2025-06-09 16:03:30,994 - INFO - Shutdown triggered (signal: 2)
2025-06-09 16:03:30,994 - INFO - Stopping CameraThread for camera 0
2025-06-09 16:03:33,007 - INFO - Shutdown triggered (signal: 2)
2025-06-09 16:03:33,007 - INFO - Stopping CameraThread for camera 0
2025-06-09 16:03:35,020 - INFO - Stopping CameraThread for camera 1
2025-06-09 16:03:35,020 - INFO - Stopping CameraThread for camera 2
2025-06-09 16:03:35,020 - INFO - Stopping PairManager
2025-06-09 16:03:35,092 - INFO - All OpenCV windows closed
2025-06-09 16:03:35,092 - INFO - Program terminated successfully
