2025-06-09 10:00:50,938 - ERROR - Error initializing PairManager: list indices must be integers or slices, not str
2025-06-09 10:00:50,938 - ERROR - Error in main: list indices must be integers or slices, not str
2025-06-09 10:03:20,172 - ERROR - Error initializing PairManager: list indices must be integers or slices, not str
2025-06-09 10:03:20,172 - ERROR - Error in main: list indices must be integers or slices, not str
2025-06-09 14:15:11,517 - ERROR - Error marking post_sent for camera 1, pair (10000146, 10000164): (1, '10000146', '10000164')
2025-06-09 14:15:11,517 - ERROR - Error in delay_post_request for camera 1, pair (10000146, 10000164): (1, '10000146', '10000164')
2025-06-09 14:15:21,655 - ERROR - Error marking post_sent for camera 1, pair (10000234, 10000164): (1, '10000234', '10000164')
2025-06-09 14:15:21,656 - ERROR - Error in delay_post_request for camera 1, pair (10000234, 10000164): (1, '10000234', '10000164')
2025-06-09 14:15:32,551 - ERROR - Error sending POST for camera 2, pair (10000146, 10000164): HTTPConnectionPool(host='192.168.1.168', port=7000): Max retries exceeded with url: /ics/taskOrder/addTask (Caused by ConnectTimeoutError(<urllib3.connection.HTTPConnection object at 0x0000021F302A2290>, 'Connection to 192.168.1.168 timed out. (connect timeout=None)'))
2025-06-09 14:15:32,712 - ERROR - Error marking post_sent for camera 1, pair (10000146, 10000164): (1, '10000146', '10000164')
2025-06-09 14:15:32,712 - ERROR - Error in delay_post_request for camera 1, pair (10000146, 10000164): (1, '10000146', '10000164')
2025-06-09 14:15:42,704 - ERROR - Error sending POST for camera 2, pair (10000234, 10000164): HTTPConnectionPool(host='192.168.1.168', port=7000): Max retries exceeded with url: /ics/taskOrder/addTask (Caused by ConnectTimeoutError(<urllib3.connection.HTTPConnection object at 0x0000021F2A723BD0>, 'Connection to 192.168.1.168 timed out. (connect timeout=None)'))
2025-06-09 14:15:42,872 - ERROR - Error marking post_sent for camera 1, pair (10000234, 10000164): (1, '10000234', '10000164')
2025-06-09 14:15:42,872 - ERROR - Error in delay_post_request for camera 1, pair (10000234, 10000164): (1, '10000234', '10000164')
2025-06-09 14:16:24,919 - ERROR - Error marking post_sent for camera 1, pair (10000146, 10000164): (1, '10000146', '10000164')
2025-06-09 14:16:24,919 - ERROR - Error in delay_post_request for camera 1, pair (10000146, 10000164): (1, '10000146', '10000164')
2025-06-09 14:16:35,082 - ERROR - Error marking post_sent for camera 1, pair (10000234, 10000164): (1, '10000234', '10000164')
2025-06-09 14:16:35,082 - ERROR - Error in delay_post_request for camera 1, pair (10000234, 10000164): (1, '10000234', '10000164')
2025-06-09 14:16:45,253 - ERROR - Error marking post_sent for camera 1, pair (10000146, 10000164): (1, '10000146', '10000164')
2025-06-09 14:16:45,253 - ERROR - Error in delay_post_request for camera 1, pair (10000146, 10000164): (1, '10000146', '10000164')
2025-06-09 14:16:55,405 - ERROR - Error marking post_sent for camera 1, pair (10000234, 10000164): (1, '10000234', '10000164')
2025-06-09 14:16:55,405 - ERROR - Error in delay_post_request for camera 1, pair (10000234, 10000164): (1, '10000234', '10000164')
2025-06-09 14:17:05,551 - ERROR - Error marking post_sent for camera 1, pair (10000146, 10000164): (1, '10000146', '10000164')
2025-06-09 14:17:05,551 - ERROR - Error in delay_post_request for camera 1, pair (10000146, 10000164): (1, '10000146', '10000164')
2025-06-09 14:17:15,686 - ERROR - Error marking post_sent for camera 1, pair (10000234, 10000164): (1, '10000234', '10000164')
2025-06-09 14:17:15,686 - ERROR - Error in delay_post_request for camera 1, pair (10000234, 10000164): (1, '10000234', '10000164')
2025-06-09 14:17:25,820 - ERROR - Error marking post_sent for camera 1, pair (10000146, 10000164): (1, '10000146', '10000164')
2025-06-09 14:17:25,820 - ERROR - Error in delay_post_request for camera 1, pair (10000146, 10000164): (1, '10000146', '10000164')
2025-06-09 14:17:35,955 - ERROR - Error marking post_sent for camera 1, pair (10000234, 10000164): (1, '10000234', '10000164')
2025-06-09 14:17:35,955 - ERROR - Error in delay_post_request for camera 1, pair (10000234, 10000164): (1, '10000234', '10000164')
2025-06-09 14:17:46,095 - ERROR - Error marking post_sent for camera 1, pair (10000146, 10000164): (1, '10000146', '10000164')
2025-06-09 14:17:46,095 - ERROR - Error in delay_post_request for camera 1, pair (10000146, 10000164): (1, '10000146', '10000164')
2025-06-09 14:17:56,250 - ERROR - Error marking post_sent for camera 1, pair (10000234, 10000164): (1, '10000234', '10000164')
2025-06-09 14:17:56,250 - ERROR - Error in delay_post_request for camera 1, pair (10000234, 10000164): (1, '10000234', '10000164')
2025-06-09 14:18:06,410 - ERROR - Error marking post_sent for camera 1, pair (10000146, 10000164): (1, '10000146', '10000164')
2025-06-09 14:18:06,411 - ERROR - Error in delay_post_request for camera 1, pair (10000146, 10000164): (1, '10000146', '10000164')
2025-06-09 14:18:16,554 - ERROR - Error marking post_sent for camera 1, pair (10000234, 10000164): (1, '10000234', '10000164')
2025-06-09 14:18:16,554 - ERROR - Error in delay_post_request for camera 1, pair (10000234, 10000164): (1, '10000234', '10000164')
2025-06-09 14:18:26,698 - ERROR - Error marking post_sent for camera 1, pair (10000146, 10000164): (1, '10000146', '10000164')
2025-06-09 14:18:26,698 - ERROR - Error in delay_post_request for camera 1, pair (10000146, 10000164): (1, '10000146', '10000164')
2025-06-09 14:18:36,838 - ERROR - Error marking post_sent for camera 1, pair (10000234, 10000164): (1, '10000234', '10000164')
2025-06-09 14:18:36,838 - ERROR - Error in delay_post_request for camera 1, pair (10000234, 10000164): (1, '10000234', '10000164')
2025-06-09 14:18:46,992 - ERROR - Error marking post_sent for camera 1, pair (10000146, 10000164): (1, '10000146', '10000164')
2025-06-09 14:18:46,992 - ERROR - Error in delay_post_request for camera 1, pair (10000146, 10000164): (1, '10000146', '10000164')
2025-06-09 14:18:57,159 - ERROR - Error marking post_sent for camera 1, pair (10000234, 10000164): (1, '10000234', '10000164')
2025-06-09 14:18:57,159 - ERROR - Error in delay_post_request for camera 1, pair (10000234, 10000164): (1, '10000234', '10000164')
2025-06-09 14:19:07,624 - ERROR - Error marking post_sent for camera 1, pair (10000146, 10000164): (1, '10000146', '10000164')
2025-06-09 14:19:07,624 - ERROR - Error in delay_post_request for camera 1, pair (10000146, 10000164): (1, '10000146', '10000164')
2025-06-09 14:19:17,775 - ERROR - Error marking post_sent for camera 1, pair (10000234, 10000164): (1, '10000234', '10000164')
2025-06-09 14:19:17,775 - ERROR - Error in delay_post_request for camera 1, pair (10000234, 10000164): (1, '10000234', '10000164')
2025-06-09 14:19:27,930 - ERROR - Error marking post_sent for camera 1, pair (10000146, 10000164): (1, '10000146', '10000164')
2025-06-09 14:19:27,930 - ERROR - Error in delay_post_request for camera 1, pair (10000146, 10000164): (1, '10000146', '10000164')
2025-06-09 14:19:38,092 - ERROR - Error marking post_sent for camera 1, pair (10000234, 10000164): (1, '10000234', '10000164')
2025-06-09 14:19:38,092 - ERROR - Error in delay_post_request for camera 1, pair (10000234, 10000164): (1, '10000234', '10000164')
2025-06-09 14:19:48,259 - ERROR - Error marking post_sent for camera 1, pair (10000146, 10000164): (1, '10000146', '10000164')
2025-06-09 14:19:48,259 - ERROR - Error in delay_post_request for camera 1, pair (10000146, 10000164): (1, '10000146', '10000164')
2025-06-09 14:19:58,440 - ERROR - Error marking post_sent for camera 1, pair (10000234, 10000164): (1, '10000234', '10000164')
2025-06-09 14:19:58,440 - ERROR - Error in delay_post_request for camera 1, pair (10000234, 10000164): (1, '10000234', '10000164')
2025-06-09 14:20:08,592 - ERROR - Error marking post_sent for camera 1, pair (10000146, 10000164): (1, '10000146', '10000164')
2025-06-09 14:20:08,592 - ERROR - Error in delay_post_request for camera 1, pair (10000146, 10000164): (1, '10000146', '10000164')
2025-06-09 14:20:18,743 - ERROR - Error marking post_sent for camera 1, pair (10000234, 10000164): (1, '10000234', '10000164')
2025-06-09 14:20:18,743 - ERROR - Error in delay_post_request for camera 1, pair (10000234, 10000164): (1, '10000234', '10000164')
2025-06-09 14:20:28,913 - ERROR - Error marking post_sent for camera 1, pair (10000146, 10000164): (1, '10000146', '10000164')
2025-06-09 14:20:28,913 - ERROR - Error in delay_post_request for camera 1, pair (10000146, 10000164): (1, '10000146', '10000164')
2025-06-09 14:20:39,070 - ERROR - Error marking post_sent for camera 1, pair (10000234, 10000164): (1, '10000234', '10000164')
2025-06-09 14:20:39,070 - ERROR - Error in delay_post_request for camera 1, pair (10000234, 10000164): (1, '10000234', '10000164')
2025-06-09 14:20:49,249 - ERROR - Error marking post_sent for camera 1, pair (10000146, 10000164): (1, '10000146', '10000164')
2025-06-09 14:20:49,249 - ERROR - Error in delay_post_request for camera 1, pair (10000146, 10000164): (1, '10000146', '10000164')
2025-06-09 14:20:59,435 - ERROR - Error marking post_sent for camera 1, pair (10000234, 10000164): (1, '10000234', '10000164')
2025-06-09 14:20:59,435 - ERROR - Error in delay_post_request for camera 1, pair (10000234, 10000164): (1, '10000234', '10000164')
2025-06-09 14:21:09,601 - ERROR - Error marking post_sent for camera 1, pair (10000146, 10000164): (1, '10000146', '10000164')
2025-06-09 14:21:09,601 - ERROR - Error in delay_post_request for camera 1, pair (10000146, 10000164): (1, '10000146', '10000164')
2025-06-09 14:21:19,756 - ERROR - Error marking post_sent for camera 1, pair (10000234, 10000164): (1, '10000234', '10000164')
2025-06-09 14:21:19,756 - ERROR - Error in delay_post_request for camera 1, pair (10000234, 10000164): (1, '10000234', '10000164')
2025-06-09 14:21:29,900 - ERROR - Error marking post_sent for camera 1, pair (10000146, 10000164): (1, '10000146', '10000164')
2025-06-09 14:21:29,900 - ERROR - Error in delay_post_request for camera 1, pair (10000146, 10000164): (1, '10000146', '10000164')
2025-06-09 14:21:40,055 - ERROR - Error marking post_sent for camera 1, pair (10000234, 10000164): (1, '10000234', '10000164')
2025-06-09 14:21:40,055 - ERROR - Error in delay_post_request for camera 1, pair (10000234, 10000164): (1, '10000234', '10000164')
2025-06-09 14:21:50,227 - ERROR - Error marking post_sent for camera 1, pair (10000146, 10000164): (1, '10000146', '10000164')
2025-06-09 14:21:50,227 - ERROR - Error in delay_post_request for camera 1, pair (10000146, 10000164): (1, '10000146', '10000164')
2025-06-09 14:22:00,371 - ERROR - Error marking post_sent for camera 1, pair (10000234, 10000164): (1, '10000234', '10000164')
2025-06-09 14:22:00,371 - ERROR - Error in delay_post_request for camera 1, pair (10000234, 10000164): (1, '10000234', '10000164')
2025-06-09 14:22:10,506 - ERROR - Error marking post_sent for camera 1, pair (10000146, 10000164): (1, '10000146', '10000164')
2025-06-09 14:22:10,506 - ERROR - Error in delay_post_request for camera 1, pair (10000146, 10000164): (1, '10000146', '10000164')
2025-06-09 14:22:20,643 - ERROR - Error marking post_sent for camera 1, pair (10000234, 10000164): (1, '10000234', '10000164')
2025-06-09 14:22:20,644 - ERROR - Error in delay_post_request for camera 1, pair (10000234, 10000164): (1, '10000234', '10000164')
2025-06-09 14:22:30,792 - ERROR - Error marking post_sent for camera 1, pair (10000146, 10000164): (1, '10000146', '10000164')
2025-06-09 14:22:30,792 - ERROR - Error in delay_post_request for camera 1, pair (10000146, 10000164): (1, '10000146', '10000164')
2025-06-09 14:22:40,959 - ERROR - Error marking post_sent for camera 1, pair (10000234, 10000164): (1, '10000234', '10000164')
2025-06-09 14:22:40,959 - ERROR - Error in delay_post_request for camera 1, pair (10000234, 10000164): (1, '10000234', '10000164')
2025-06-09 14:22:51,116 - ERROR - Error marking post_sent for camera 1, pair (10000146, 10000164): (1, '10000146', '10000164')
2025-06-09 14:22:51,116 - ERROR - Error in delay_post_request for camera 1, pair (10000146, 10000164): (1, '10000146', '10000164')
2025-06-09 14:23:01,251 - ERROR - Error marking post_sent for camera 1, pair (10000234, 10000164): (1, '10000234', '10000164')
2025-06-09 14:23:01,251 - ERROR - Error in delay_post_request for camera 1, pair (10000234, 10000164): (1, '10000234', '10000164')
2025-06-09 14:23:11,391 - ERROR - Error marking post_sent for camera 1, pair (10000146, 10000164): (1, '10000146', '10000164')
2025-06-09 14:23:11,391 - ERROR - Error in delay_post_request for camera 1, pair (10000146, 10000164): (1, '10000146', '10000164')
2025-06-09 14:23:21,540 - ERROR - Error marking post_sent for camera 1, pair (10000234, 10000164): (1, '10000234', '10000164')
2025-06-09 14:23:21,540 - ERROR - Error in delay_post_request for camera 1, pair (10000234, 10000164): (1, '10000234', '10000164')
2025-06-09 14:23:31,706 - ERROR - Error marking post_sent for camera 1, pair (10000146, 10000164): (1, '10000146', '10000164')
2025-06-09 14:23:31,706 - ERROR - Error in delay_post_request for camera 1, pair (10000146, 10000164): (1, '10000146', '10000164')
2025-06-09 14:23:41,867 - ERROR - Error marking post_sent for camera 1, pair (10000234, 10000164): (1, '10000234', '10000164')
2025-06-09 14:23:41,867 - ERROR - Error in delay_post_request for camera 1, pair (10000234, 10000164): (1, '10000234', '10000164')
2025-06-09 14:23:52,004 - ERROR - Error marking post_sent for camera 1, pair (10000146, 10000164): (1, '10000146', '10000164')
2025-06-09 14:23:52,004 - ERROR - Error in delay_post_request for camera 1, pair (10000146, 10000164): (1, '10000146', '10000164')
2025-06-09 14:24:02,163 - ERROR - Error marking post_sent for camera 1, pair (10000234, 10000164): (1, '10000234', '10000164')
2025-06-09 14:24:02,164 - ERROR - Error in delay_post_request for camera 1, pair (10000234, 10000164): (1, '10000234', '10000164')
2025-06-09 14:24:12,330 - ERROR - Error marking post_sent for camera 1, pair (10000146, 10000164): (1, '10000146', '10000164')
2025-06-09 14:24:12,330 - ERROR - Error in delay_post_request for camera 1, pair (10000146, 10000164): (1, '10000146', '10000164')
2025-06-09 14:24:22,493 - ERROR - Error marking post_sent for camera 1, pair (10000234, 10000164): (1, '10000234', '10000164')
2025-06-09 14:24:22,493 - ERROR - Error in delay_post_request for camera 1, pair (10000234, 10000164): (1, '10000234', '10000164')
2025-06-09 14:24:32,656 - ERROR - Error marking post_sent for camera 1, pair (10000146, 10000164): (1, '10000146', '10000164')
2025-06-09 14:24:32,656 - ERROR - Error in delay_post_request for camera 1, pair (10000146, 10000164): (1, '10000146', '10000164')
2025-06-09 14:24:42,792 - ERROR - Error marking post_sent for camera 1, pair (10000234, 10000164): (1, '10000234', '10000164')
2025-06-09 14:24:42,792 - ERROR - Error in delay_post_request for camera 1, pair (10000234, 10000164): (1, '10000234', '10000164')
2025-06-09 14:24:52,953 - ERROR - Error marking post_sent for camera 1, pair (10000146, 10000164): (1, '10000146', '10000164')
2025-06-09 14:24:52,953 - ERROR - Error in delay_post_request for camera 1, pair (10000146, 10000164): (1, '10000146', '10000164')
2025-06-09 14:25:03,097 - ERROR - Error marking post_sent for camera 1, pair (10000234, 10000164): (1, '10000234', '10000164')
2025-06-09 14:25:03,097 - ERROR - Error in delay_post_request for camera 1, pair (10000234, 10000164): (1, '10000234', '10000164')
2025-06-09 14:25:13,252 - ERROR - Error marking post_sent for camera 1, pair (10000146, 10000164): (1, '10000146', '10000164')
2025-06-09 14:25:13,252 - ERROR - Error in delay_post_request for camera 1, pair (10000146, 10000164): (1, '10000146', '10000164')
2025-06-09 14:25:23,396 - ERROR - Error marking post_sent for camera 1, pair (10000234, 10000164): (1, '10000234', '10000164')
2025-06-09 14:25:23,396 - ERROR - Error in delay_post_request for camera 1, pair (10000234, 10000164): (1, '10000234', '10000164')
2025-06-09 14:25:33,550 - ERROR - Error marking post_sent for camera 1, pair (10000146, 10000164): (1, '10000146', '10000164')
2025-06-09 14:25:33,550 - ERROR - Error in delay_post_request for camera 1, pair (10000146, 10000164): (1, '10000146', '10000164')
2025-06-09 14:25:43,688 - ERROR - Error marking post_sent for camera 1, pair (10000234, 10000164): (1, '10000234', '10000164')
2025-06-09 14:25:43,688 - ERROR - Error in delay_post_request for camera 1, pair (10000234, 10000164): (1, '10000234', '10000164')
2025-06-09 14:25:53,849 - ERROR - Error marking post_sent for camera 1, pair (10000146, 10000164): (1, '10000146', '10000164')
2025-06-09 14:25:53,849 - ERROR - Error in delay_post_request for camera 1, pair (10000146, 10000164): (1, '10000146', '10000164')
2025-06-09 14:26:04,020 - ERROR - Error marking post_sent for camera 1, pair (10000234, 10000164): (1, '10000234', '10000164')
2025-06-09 14:26:04,020 - ERROR - Error in delay_post_request for camera 1, pair (10000234, 10000164): (1, '10000234', '10000164')
2025-06-09 14:26:14,157 - ERROR - Error marking post_sent for camera 1, pair (10000146, 10000164): (1, '10000146', '10000164')
2025-06-09 14:26:14,157 - ERROR - Error in delay_post_request for camera 1, pair (10000146, 10000164): (1, '10000146', '10000164')
2025-06-09 14:26:24,320 - ERROR - Error marking post_sent for camera 1, pair (10000234, 10000164): (1, '10000234', '10000164')
2025-06-09 14:26:24,321 - ERROR - Error in delay_post_request for camera 1, pair (10000234, 10000164): (1, '10000234', '10000164')
2025-06-09 14:26:32,164 - ERROR - Error marking post_sent for camera 0, pair (10000160, 10000170): (0, '10000160', '10000170')
2025-06-09 14:26:32,165 - ERROR - Error in delay_post_request for camera 0, pair (10000160, 10000170): (0, '10000160', '10000170')
2025-06-09 14:26:34,485 - ERROR - Error marking post_sent for camera 1, pair (10000146, 10000164): (1, '10000146', '10000164')
2025-06-09 14:26:34,485 - ERROR - Error in delay_post_request for camera 1, pair (10000146, 10000164): (1, '10000146', '10000164')
2025-06-09 14:26:42,344 - ERROR - Error marking post_sent for camera 0, pair (10000161, 10000171): (0, '10000161', '10000171')
2025-06-09 14:26:42,344 - ERROR - Error in delay_post_request for camera 0, pair (10000161, 10000171): (0, '10000161', '10000171')
2025-06-09 14:26:44,663 - ERROR - Error marking post_sent for camera 1, pair (10000234, 10000164): (1, '10000234', '10000164')
2025-06-09 14:26:44,663 - ERROR - Error in delay_post_request for camera 1, pair (10000234, 10000164): (1, '10000234', '10000164')
2025-06-09 14:26:52,521 - ERROR - Error marking post_sent for camera 0, pair (10000162, 10000140): (0, '10000162', '10000140')
2025-06-09 14:26:52,521 - ERROR - Error in delay_post_request for camera 0, pair (10000162, 10000140): (0, '10000162', '10000140')
2025-06-09 14:26:54,832 - ERROR - Error marking post_sent for camera 1, pair (10000146, 10000164): (1, '10000146', '10000164')
2025-06-09 14:26:54,832 - ERROR - Error in delay_post_request for camera 1, pair (10000146, 10000164): (1, '10000146', '10000164')
2025-06-09 14:27:04,969 - ERROR - Error marking post_sent for camera 1, pair (10000234, 10000164): (1, '10000234', '10000164')
2025-06-09 14:27:04,969 - ERROR - Error in delay_post_request for camera 1, pair (10000234, 10000164): (1, '10000234', '10000164')
2025-06-09 14:27:15,127 - ERROR - Error marking post_sent for camera 1, pair (10000146, 10000164): (1, '10000146', '10000164')
2025-06-09 14:27:15,127 - ERROR - Error in delay_post_request for camera 1, pair (10000146, 10000164): (1, '10000146', '10000164')
2025-06-09 14:27:25,291 - ERROR - Error marking post_sent for camera 1, pair (10000234, 10000164): (1, '10000234', '10000164')
2025-06-09 14:27:25,291 - ERROR - Error in delay_post_request for camera 1, pair (10000234, 10000164): (1, '10000234', '10000164')
2025-06-09 14:27:42,983 - ERROR - Error marking post_sent for camera 1, pair (10000146, 10000164): (1, '10000146', '10000164')
2025-06-09 14:27:42,983 - ERROR - Error in delay_post_request for camera 1, pair (10000146, 10000164): (1, '10000146', '10000164')
2025-06-09 14:27:45,194 - ERROR - Error marking post_sent for camera 0, pair (10000163, 10000141): (0, '10000163', '10000141')
2025-06-09 14:27:45,194 - ERROR - Error in delay_post_request for camera 0, pair (10000163, 10000141): (0, '10000163', '10000141')
2025-06-09 14:27:53,127 - ERROR - Error marking post_sent for camera 1, pair (10000234, 10000164): (1, '10000234', '10000164')
2025-06-09 14:27:53,127 - ERROR - Error in delay_post_request for camera 1, pair (10000234, 10000164): (1, '10000234', '10000164')
2025-06-09 14:28:05,487 - ERROR - Error marking post_sent for camera 0, pair (10000160, 10000170): (0, '10000160', '10000170')
2025-06-09 14:28:05,487 - ERROR - Error in delay_post_request for camera 0, pair (10000160, 10000170): (0, '10000160', '10000170')
2025-06-09 14:28:07,998 - ERROR - Error marking post_sent for camera 1, pair (10000146, 10000164): (1, '10000146', '10000164')
2025-06-09 14:28:07,998 - ERROR - Error in delay_post_request for camera 1, pair (10000146, 10000164): (1, '10000146', '10000164')
2025-06-09 14:28:15,636 - ERROR - Error marking post_sent for camera 0, pair (10000161, 10000171): (0, '10000161', '10000171')
2025-06-09 14:28:15,636 - ERROR - Error in delay_post_request for camera 0, pair (10000161, 10000171): (0, '10000161', '10000171')
2025-06-09 14:28:18,153 - ERROR - Error marking post_sent for camera 1, pair (10000234, 10000164): (1, '10000234', '10000164')
2025-06-09 14:28:18,153 - ERROR - Error in delay_post_request for camera 1, pair (10000234, 10000164): (1, '10000234', '10000164')
2025-06-09 14:28:25,804 - ERROR - Error marking post_sent for camera 0, pair (10000162, 10000140): (0, '10000162', '10000140')
2025-06-09 14:28:25,804 - ERROR - Error in delay_post_request for camera 0, pair (10000162, 10000140): (0, '10000162', '10000140')
2025-06-09 14:28:28,318 - ERROR - Error marking post_sent for camera 1, pair (10000146, 10000164): (1, '10000146', '10000164')
2025-06-09 14:28:28,318 - ERROR - Error in delay_post_request for camera 1, pair (10000146, 10000164): (1, '10000146', '10000164')
2025-06-09 14:28:35,954 - ERROR - Error marking post_sent for camera 0, pair (10000163, 10000141): (0, '10000163', '10000141')
2025-06-09 14:28:35,954 - ERROR - Error in delay_post_request for camera 0, pair (10000163, 10000141): (0, '10000163', '10000141')
2025-06-09 14:28:38,468 - ERROR - Error marking post_sent for camera 1, pair (10000234, 10000164): (1, '10000234', '10000164')
2025-06-09 14:28:38,468 - ERROR - Error in delay_post_request for camera 1, pair (10000234, 10000164): (1, '10000234', '10000164')
2025-06-09 14:28:46,114 - ERROR - Error marking post_sent for camera 0, pair (10000160, 10000170): (0, '10000160', '10000170')
2025-06-09 14:28:46,114 - ERROR - Error in delay_post_request for camera 0, pair (10000160, 10000170): (0, '10000160', '10000170')
2025-06-09 14:28:56,281 - ERROR - Error marking post_sent for camera 0, pair (10000161, 10000171): (0, '10000161', '10000171')
2025-06-09 14:28:56,281 - ERROR - Error in delay_post_request for camera 0, pair (10000161, 10000171): (0, '10000161', '10000171')
2025-06-09 14:28:56,987 - ERROR - Error marking post_sent for camera 1, pair (10000146, 10000164): (1, '10000146', '10000164')
2025-06-09 14:28:56,987 - ERROR - Error in delay_post_request for camera 1, pair (10000146, 10000164): (1, '10000146', '10000164')
2025-06-09 14:29:06,443 - ERROR - Error marking post_sent for camera 0, pair (10000162, 10000140): (0, '10000162', '10000140')
2025-06-09 14:29:06,443 - ERROR - Error in delay_post_request for camera 0, pair (10000162, 10000140): (0, '10000162', '10000140')
2025-06-09 14:29:07,147 - ERROR - Error marking post_sent for camera 1, pair (10000234, 10000164): (1, '10000234', '10000164')
2025-06-09 14:29:07,147 - ERROR - Error in delay_post_request for camera 1, pair (10000234, 10000164): (1, '10000234', '10000164')
2025-06-09 14:29:16,594 - ERROR - Error marking post_sent for camera 0, pair (10000163, 10000141): (0, '10000163', '10000141')
2025-06-09 14:29:16,594 - ERROR - Error in delay_post_request for camera 0, pair (10000163, 10000141): (0, '10000163', '10000141')
2025-06-09 14:29:17,299 - ERROR - Error marking post_sent for camera 1, pair (10000146, 10000164): (1, '10000146', '10000164')
2025-06-09 14:29:17,299 - ERROR - Error in delay_post_request for camera 1, pair (10000146, 10000164): (1, '10000146', '10000164')
2025-06-09 14:29:26,746 - ERROR - Error marking post_sent for camera 0, pair (10000160, 10000170): (0, '10000160', '10000170')
2025-06-09 14:29:26,746 - ERROR - Error in delay_post_request for camera 0, pair (10000160, 10000170): (0, '10000160', '10000170')
2025-06-09 14:29:27,451 - ERROR - Error marking post_sent for camera 1, pair (10000234, 10000164): (1, '10000234', '10000164')
2025-06-09 14:29:27,451 - ERROR - Error in delay_post_request for camera 1, pair (10000234, 10000164): (1, '10000234', '10000164')
2025-06-09 14:29:36,914 - ERROR - Error marking post_sent for camera 0, pair (10000161, 10000171): (0, '10000161', '10000171')
2025-06-09 14:29:36,914 - ERROR - Error in delay_post_request for camera 0, pair (10000161, 10000171): (0, '10000161', '10000171')
2025-06-09 14:29:43,361 - ERROR - Error marking post_sent for camera 1, pair (10000146, 10000164): (1, '10000146', '10000164')
2025-06-09 14:29:43,361 - ERROR - Error in delay_post_request for camera 1, pair (10000146, 10000164): (1, '10000146', '10000164')
2025-06-09 14:29:47,083 - ERROR - Error marking post_sent for camera 0, pair (10000162, 10000140): (0, '10000162', '10000140')
2025-06-09 14:29:47,083 - ERROR - Error in delay_post_request for camera 0, pair (10000162, 10000140): (0, '10000162', '10000140')
2025-06-09 14:29:53,516 - ERROR - Error marking post_sent for camera 1, pair (10000234, 10000164): (1, '10000234', '10000164')
2025-06-09 14:29:53,516 - ERROR - Error in delay_post_request for camera 1, pair (10000234, 10000164): (1, '10000234', '10000164')
2025-06-09 14:29:57,241 - ERROR - Error marking post_sent for camera 0, pair (10000163, 10000141): (0, '10000163', '10000141')
2025-06-09 14:29:57,241 - ERROR - Error in delay_post_request for camera 0, pair (10000163, 10000141): (0, '10000163', '10000141')
2025-06-09 14:30:07,391 - ERROR - Error marking post_sent for camera 0, pair (10000160, 10000170): (0, '10000160', '10000170')
2025-06-09 14:30:07,391 - ERROR - Error in delay_post_request for camera 0, pair (10000160, 10000170): (0, '10000160', '10000170')
2025-06-09 14:30:14,721 - ERROR - Error marking post_sent for camera 1, pair (10000146, 10000164): (1, '10000146', '10000164')
2025-06-09 14:30:14,721 - ERROR - Error in delay_post_request for camera 1, pair (10000146, 10000164): (1, '10000146', '10000164')
2025-06-09 14:30:17,543 - ERROR - Error marking post_sent for camera 0, pair (10000161, 10000171): (0, '10000161', '10000171')
2025-06-09 14:30:17,543 - ERROR - Error in delay_post_request for camera 0, pair (10000161, 10000171): (0, '10000161', '10000171')
2025-06-09 14:30:24,898 - ERROR - Error marking post_sent for camera 1, pair (10000234, 10000164): (1, '10000234', '10000164')
2025-06-09 14:30:24,898 - ERROR - Error in delay_post_request for camera 1, pair (10000234, 10000164): (1, '10000234', '10000164')
2025-06-09 14:30:27,718 - ERROR - Error marking post_sent for camera 0, pair (10000162, 10000140): (0, '10000162', '10000140')
2025-06-09 14:30:27,718 - ERROR - Error in delay_post_request for camera 0, pair (10000162, 10000140): (0, '10000162', '10000140')
2025-06-09 14:30:37,877 - ERROR - Error marking post_sent for camera 0, pair (10000163, 10000141): (0, '10000163', '10000141')
2025-06-09 14:30:37,877 - ERROR - Error in delay_post_request for camera 0, pair (10000163, 10000141): (0, '10000163', '10000141')
