2025-06-09 14:15:11,517 - ERROR - Error in delay_post_request for camera 1, pair (10000146, 10000164): (1, '10000146', '10000164')
2025-06-09 14:15:21,656 - ERROR - Error in delay_post_request for camera 1, pair (10000234, 10000164): (1, '10000234', '10000164')
2025-06-09 14:15:32,551 - ERROR - Error sending POST for camera 2, pair (10000146, 10000164): HTTPConnectionPool(host='192.168.1.168', port=7000): Max retries exceeded with url: /ics/taskOrder/addTask (Caused by ConnectTimeoutError(<urllib3.connection.HTTPConnection object at 0x0000021F302A2290>, 'Connection to 192.168.1.168 timed out. (connect timeout=None)'))
2025-06-09 14:15:32,712 - ERROR - Error in delay_post_request for camera 1, pair (10000146, 10000164): (1, '10000146', '10000164')
2025-06-09 14:15:42,704 - ERROR - Error sending POST for camera 2, pair (10000234, 10000164): HTTPConnectionPool(host='192.168.1.168', port=7000): Max retries exceeded with url: /ics/taskOrder/addTask (Caused by ConnectTimeoutError(<urllib3.connection.HTTPConnection object at 0x0000021F2A723BD0>, 'Connection to 192.168.1.168 timed out. (connect timeout=None)'))
2025-06-09 14:15:42,872 - ERROR - Error in delay_post_request for camera 1, pair (10000234, 10000164): (1, '10000234', '10000164')
2025-06-09 14:16:24,919 - ERROR - Error in delay_post_request for camera 1, pair (10000146, 10000164): (1, '10000146', '10000164')
2025-06-09 14:16:24,927 - INFO - POST sent for camera 2, pair (10000146, 10000164): 200
2025-06-09 14:16:35,082 - ERROR - Error in delay_post_request for camera 1, pair (10000234, 10000164): (1, '10000234', '10000164')
2025-06-09 14:16:35,087 - INFO - POST sent for camera 2, pair (10000234, 10000164): 200
2025-06-09 14:16:45,253 - ERROR - Error in delay_post_request for camera 1, pair (10000146, 10000164): (1, '10000146', '10000164')
2025-06-09 14:16:45,258 - INFO - POST sent for camera 2, pair (10000146, 10000164): 200
2025-06-09 14:16:55,405 - ERROR - Error in delay_post_request for camera 1, pair (10000234, 10000164): (1, '10000234', '10000164')
2025-06-09 14:16:55,409 - INFO - POST sent for camera 2, pair (10000234, 10000164): 200
2025-06-09 14:17:05,551 - ERROR - Error in delay_post_request for camera 1, pair (10000146, 10000164): (1, '10000146', '10000164')
2025-06-09 14:17:05,555 - INFO - POST sent for camera 2, pair (10000146, 10000164): 200
2025-06-09 14:17:15,686 - ERROR - Error in delay_post_request for camera 1, pair (10000234, 10000164): (1, '10000234', '10000164')
2025-06-09 14:17:15,690 - INFO - POST sent for camera 2, pair (10000234, 10000164): 200
2025-06-09 14:17:25,820 - ERROR - Error in delay_post_request for camera 1, pair (10000146, 10000164): (1, '10000146', '10000164')
2025-06-09 14:17:25,824 - INFO - POST sent for camera 2, pair (10000146, 10000164): 200
2025-06-09 14:17:35,955 - ERROR - Error in delay_post_request for camera 1, pair (10000234, 10000164): (1, '10000234', '10000164')
2025-06-09 14:17:35,959 - INFO - POST sent for camera 2, pair (10000234, 10000164): 200
2025-06-09 14:17:46,095 - ERROR - Error in delay_post_request for camera 1, pair (10000146, 10000164): (1, '10000146', '10000164')
2025-06-09 14:17:46,099 - INFO - POST sent for camera 2, pair (10000146, 10000164): 200
2025-06-09 14:17:56,250 - ERROR - Error in delay_post_request for camera 1, pair (10000234, 10000164): (1, '10000234', '10000164')
2025-06-09 14:17:56,254 - INFO - POST sent for camera 2, pair (10000234, 10000164): 200
2025-06-09 14:18:06,411 - ERROR - Error in delay_post_request for camera 1, pair (10000146, 10000164): (1, '10000146', '10000164')
2025-06-09 14:18:06,415 - INFO - POST sent for camera 2, pair (10000146, 10000164): 200
2025-06-09 14:18:16,554 - ERROR - Error in delay_post_request for camera 1, pair (10000234, 10000164): (1, '10000234', '10000164')
2025-06-09 14:18:16,557 - INFO - POST sent for camera 2, pair (10000234, 10000164): 200
2025-06-09 14:18:26,698 - ERROR - Error in delay_post_request for camera 1, pair (10000146, 10000164): (1, '10000146', '10000164')
2025-06-09 14:18:26,702 - INFO - POST sent for camera 2, pair (10000146, 10000164): 200
2025-06-09 14:18:36,838 - ERROR - Error in delay_post_request for camera 1, pair (10000234, 10000164): (1, '10000234', '10000164')
2025-06-09 14:18:36,842 - INFO - POST sent for camera 2, pair (10000234, 10000164): 200
2025-06-09 14:18:46,992 - ERROR - Error in delay_post_request for camera 1, pair (10000146, 10000164): (1, '10000146', '10000164')
2025-06-09 14:18:46,997 - INFO - POST sent for camera 2, pair (10000146, 10000164): 200
2025-06-09 14:18:57,159 - ERROR - Error in delay_post_request for camera 1, pair (10000234, 10000164): (1, '10000234', '10000164')
2025-06-09 14:18:57,163 - INFO - POST sent for camera 2, pair (10000234, 10000164): 200
2025-06-09 14:19:07,624 - ERROR - Error in delay_post_request for camera 1, pair (10000146, 10000164): (1, '10000146', '10000164')
2025-06-09 14:19:07,629 - INFO - POST sent for camera 2, pair (10000146, 10000164): 200
2025-06-09 14:19:17,775 - ERROR - Error in delay_post_request for camera 1, pair (10000234, 10000164): (1, '10000234', '10000164')
2025-06-09 14:19:17,779 - INFO - POST sent for camera 2, pair (10000234, 10000164): 200
2025-06-09 14:19:27,930 - ERROR - Error in delay_post_request for camera 1, pair (10000146, 10000164): (1, '10000146', '10000164')
2025-06-09 14:19:27,933 - INFO - POST sent for camera 2, pair (10000146, 10000164): 200
2025-06-09 14:19:38,092 - ERROR - Error in delay_post_request for camera 1, pair (10000234, 10000164): (1, '10000234', '10000164')
2025-06-09 14:19:38,096 - INFO - POST sent for camera 2, pair (10000234, 10000164): 200
2025-06-09 14:19:48,259 - ERROR - Error in delay_post_request for camera 1, pair (10000146, 10000164): (1, '10000146', '10000164')
2025-06-09 14:19:48,264 - INFO - POST sent for camera 2, pair (10000146, 10000164): 200
2025-06-09 14:19:58,440 - ERROR - Error in delay_post_request for camera 1, pair (10000234, 10000164): (1, '10000234', '10000164')
2025-06-09 14:19:58,445 - INFO - POST sent for camera 2, pair (10000234, 10000164): 200
2025-06-09 14:20:08,592 - ERROR - Error in delay_post_request for camera 1, pair (10000146, 10000164): (1, '10000146', '10000164')
2025-06-09 14:20:08,597 - INFO - POST sent for camera 2, pair (10000146, 10000164): 200
2025-06-09 14:20:18,743 - ERROR - Error in delay_post_request for camera 1, pair (10000234, 10000164): (1, '10000234', '10000164')
2025-06-09 14:20:18,747 - INFO - POST sent for camera 2, pair (10000234, 10000164): 200
2025-06-09 14:20:28,913 - ERROR - Error in delay_post_request for camera 1, pair (10000146, 10000164): (1, '10000146', '10000164')
2025-06-09 14:20:28,916 - INFO - POST sent for camera 2, pair (10000146, 10000164): 200
2025-06-09 14:20:39,070 - ERROR - Error in delay_post_request for camera 1, pair (10000234, 10000164): (1, '10000234', '10000164')
2025-06-09 14:20:39,075 - INFO - POST sent for camera 2, pair (10000234, 10000164): 200
2025-06-09 14:20:49,249 - ERROR - Error in delay_post_request for camera 1, pair (10000146, 10000164): (1, '10000146', '10000164')
2025-06-09 14:20:49,254 - INFO - POST sent for camera 2, pair (10000146, 10000164): 200
2025-06-09 14:20:59,435 - ERROR - Error in delay_post_request for camera 1, pair (10000234, 10000164): (1, '10000234', '10000164')
2025-06-09 14:20:59,438 - INFO - POST sent for camera 2, pair (10000234, 10000164): 200
2025-06-09 14:21:09,601 - ERROR - Error in delay_post_request for camera 1, pair (10000146, 10000164): (1, '10000146', '10000164')
2025-06-09 14:21:09,605 - INFO - POST sent for camera 2, pair (10000146, 10000164): 200
2025-06-09 14:21:19,756 - ERROR - Error in delay_post_request for camera 1, pair (10000234, 10000164): (1, '10000234', '10000164')
2025-06-09 14:21:19,760 - INFO - POST sent for camera 2, pair (10000234, 10000164): 200
2025-06-09 14:21:29,900 - ERROR - Error in delay_post_request for camera 1, pair (10000146, 10000164): (1, '10000146', '10000164')
2025-06-09 14:21:29,905 - INFO - POST sent for camera 2, pair (10000146, 10000164): 200
2025-06-09 14:21:40,055 - ERROR - Error in delay_post_request for camera 1, pair (10000234, 10000164): (1, '10000234', '10000164')
2025-06-09 14:21:40,060 - INFO - POST sent for camera 2, pair (10000234, 10000164): 200
2025-06-09 14:21:50,227 - ERROR - Error in delay_post_request for camera 1, pair (10000146, 10000164): (1, '10000146', '10000164')
2025-06-09 14:21:50,232 - INFO - POST sent for camera 2, pair (10000146, 10000164): 200
2025-06-09 14:22:00,371 - ERROR - Error in delay_post_request for camera 1, pair (10000234, 10000164): (1, '10000234', '10000164')
2025-06-09 14:22:00,375 - INFO - POST sent for camera 2, pair (10000234, 10000164): 200
2025-06-09 14:22:10,506 - ERROR - Error in delay_post_request for camera 1, pair (10000146, 10000164): (1, '10000146', '10000164')
2025-06-09 14:22:10,511 - INFO - POST sent for camera 2, pair (10000146, 10000164): 200
2025-06-09 14:22:20,644 - ERROR - Error in delay_post_request for camera 1, pair (10000234, 10000164): (1, '10000234', '10000164')
2025-06-09 14:22:20,647 - INFO - POST sent for camera 2, pair (10000234, 10000164): 200
2025-06-09 14:22:25,567 - INFO - POST request initiated for camera 2, pair (10000172, 10000147)
2025-06-09 14:22:25,571 - INFO - POST sent for camera 3, pair (10000172, 10000147): 200
2025-06-09 14:22:30,792 - ERROR - Error in delay_post_request for camera 1, pair (10000146, 10000164): (1, '10000146', '10000164')
2025-06-09 14:22:30,796 - INFO - POST sent for camera 2, pair (10000146, 10000164): 200
2025-06-09 14:22:40,959 - ERROR - Error in delay_post_request for camera 1, pair (10000234, 10000164): (1, '10000234', '10000164')
2025-06-09 14:22:40,963 - INFO - POST sent for camera 2, pair (10000234, 10000164): 200
2025-06-09 14:22:51,116 - ERROR - Error in delay_post_request for camera 1, pair (10000146, 10000164): (1, '10000146', '10000164')
2025-06-09 14:22:51,120 - INFO - POST sent for camera 2, pair (10000146, 10000164): 200
2025-06-09 14:23:01,251 - ERROR - Error in delay_post_request for camera 1, pair (10000234, 10000164): (1, '10000234', '10000164')
2025-06-09 14:23:01,255 - INFO - POST sent for camera 2, pair (10000234, 10000164): 200
2025-06-09 14:23:11,391 - ERROR - Error in delay_post_request for camera 1, pair (10000146, 10000164): (1, '10000146', '10000164')
2025-06-09 14:23:11,395 - INFO - POST sent for camera 2, pair (10000146, 10000164): 200
2025-06-09 14:23:21,540 - ERROR - Error in delay_post_request for camera 1, pair (10000234, 10000164): (1, '10000234', '10000164')
2025-06-09 14:23:21,544 - INFO - POST sent for camera 2, pair (10000234, 10000164): 200
2025-06-09 14:23:31,706 - ERROR - Error in delay_post_request for camera 1, pair (10000146, 10000164): (1, '10000146', '10000164')
2025-06-09 14:23:31,710 - INFO - POST sent for camera 2, pair (10000146, 10000164): 200
2025-06-09 14:23:41,867 - ERROR - Error in delay_post_request for camera 1, pair (10000234, 10000164): (1, '10000234', '10000164')
2025-06-09 14:23:41,871 - INFO - POST sent for camera 2, pair (10000234, 10000164): 200
2025-06-09 14:23:52,004 - ERROR - Error in delay_post_request for camera 1, pair (10000146, 10000164): (1, '10000146', '10000164')
2025-06-09 14:23:52,008 - INFO - POST sent for camera 2, pair (10000146, 10000164): 200
2025-06-09 14:24:02,164 - ERROR - Error in delay_post_request for camera 1, pair (10000234, 10000164): (1, '10000234', '10000164')
2025-06-09 14:24:02,168 - INFO - POST sent for camera 2, pair (10000234, 10000164): 200
2025-06-09 14:24:12,330 - ERROR - Error in delay_post_request for camera 1, pair (10000146, 10000164): (1, '10000146', '10000164')
2025-06-09 14:24:12,335 - INFO - POST sent for camera 2, pair (10000146, 10000164): 200
2025-06-09 14:24:22,493 - ERROR - Error in delay_post_request for camera 1, pair (10000234, 10000164): (1, '10000234', '10000164')
2025-06-09 14:24:22,498 - INFO - POST sent for camera 2, pair (10000234, 10000164): 200
2025-06-09 14:24:32,656 - ERROR - Error in delay_post_request for camera 1, pair (10000146, 10000164): (1, '10000146', '10000164')
2025-06-09 14:24:32,660 - INFO - POST sent for camera 2, pair (10000146, 10000164): 200
2025-06-09 14:24:42,792 - ERROR - Error in delay_post_request for camera 1, pair (10000234, 10000164): (1, '10000234', '10000164')
2025-06-09 14:24:42,796 - INFO - POST sent for camera 2, pair (10000234, 10000164): 200
2025-06-09 14:24:52,953 - ERROR - Error in delay_post_request for camera 1, pair (10000146, 10000164): (1, '10000146', '10000164')
2025-06-09 14:24:52,957 - INFO - POST sent for camera 2, pair (10000146, 10000164): 200
2025-06-09 14:25:03,097 - ERROR - Error in delay_post_request for camera 1, pair (10000234, 10000164): (1, '10000234', '10000164')
2025-06-09 14:25:03,102 - INFO - POST sent for camera 2, pair (10000234, 10000164): 200
2025-06-09 14:25:13,252 - ERROR - Error in delay_post_request for camera 1, pair (10000146, 10000164): (1, '10000146', '10000164')
2025-06-09 14:25:13,256 - INFO - POST sent for camera 2, pair (10000146, 10000164): 200
2025-06-09 14:25:23,396 - ERROR - Error in delay_post_request for camera 1, pair (10000234, 10000164): (1, '10000234', '10000164')
2025-06-09 14:25:23,400 - INFO - POST sent for camera 2, pair (10000234, 10000164): 200
2025-06-09 14:25:33,550 - ERROR - Error in delay_post_request for camera 1, pair (10000146, 10000164): (1, '10000146', '10000164')
2025-06-09 14:25:33,554 - INFO - POST sent for camera 2, pair (10000146, 10000164): 200
2025-06-09 14:25:43,688 - ERROR - Error in delay_post_request for camera 1, pair (10000234, 10000164): (1, '10000234', '10000164')
2025-06-09 14:25:43,692 - INFO - POST sent for camera 2, pair (10000234, 10000164): 200
2025-06-09 14:25:53,849 - ERROR - Error in delay_post_request for camera 1, pair (10000146, 10000164): (1, '10000146', '10000164')
2025-06-09 14:25:53,853 - INFO - POST sent for camera 2, pair (10000146, 10000164): 200
2025-06-09 14:26:04,020 - ERROR - Error in delay_post_request for camera 1, pair (10000234, 10000164): (1, '10000234', '10000164')
2025-06-09 14:26:04,023 - INFO - POST sent for camera 2, pair (10000234, 10000164): 200
2025-06-09 14:26:14,157 - ERROR - Error in delay_post_request for camera 1, pair (10000146, 10000164): (1, '10000146', '10000164')
2025-06-09 14:26:14,161 - INFO - POST sent for camera 2, pair (10000146, 10000164): 200
2025-06-09 14:26:24,321 - ERROR - Error in delay_post_request for camera 1, pair (10000234, 10000164): (1, '10000234', '10000164')
2025-06-09 14:26:24,324 - INFO - POST sent for camera 2, pair (10000234, 10000164): 200
2025-06-09 14:26:32,165 - ERROR - Error in delay_post_request for camera 0, pair (10000160, 10000170): (0, '10000160', '10000170')
2025-06-09 14:26:32,169 - INFO - POST sent for camera 1, pair (10000160, 10000170): 200
2025-06-09 14:26:34,485 - ERROR - Error in delay_post_request for camera 1, pair (10000146, 10000164): (1, '10000146', '10000164')
2025-06-09 14:26:34,489 - INFO - POST sent for camera 2, pair (10000146, 10000164): 200
2025-06-09 14:26:42,344 - ERROR - Error in delay_post_request for camera 0, pair (10000161, 10000171): (0, '10000161', '10000171')
2025-06-09 14:26:42,348 - INFO - POST sent for camera 1, pair (10000161, 10000171): 200
2025-06-09 14:26:44,663 - ERROR - Error in delay_post_request for camera 1, pair (10000234, 10000164): (1, '10000234', '10000164')
2025-06-09 14:26:44,667 - INFO - POST sent for camera 2, pair (10000234, 10000164): 200
2025-06-09 14:26:52,521 - ERROR - Error in delay_post_request for camera 0, pair (10000162, 10000140): (0, '10000162', '10000140')
2025-06-09 14:26:52,526 - INFO - POST sent for camera 1, pair (10000162, 10000140): 200
2025-06-09 14:26:54,832 - ERROR - Error in delay_post_request for camera 1, pair (10000146, 10000164): (1, '10000146', '10000164')
2025-06-09 14:26:54,836 - INFO - POST sent for camera 2, pair (10000146, 10000164): 200
2025-06-09 14:27:04,969 - ERROR - Error in delay_post_request for camera 1, pair (10000234, 10000164): (1, '10000234', '10000164')
2025-06-09 14:27:04,973 - INFO - POST sent for camera 2, pair (10000234, 10000164): 200
2025-06-09 14:27:15,127 - ERROR - Error in delay_post_request for camera 1, pair (10000146, 10000164): (1, '10000146', '10000164')
2025-06-09 14:27:15,131 - INFO - POST sent for camera 2, pair (10000146, 10000164): 200
2025-06-09 14:27:25,291 - ERROR - Error in delay_post_request for camera 1, pair (10000234, 10000164): (1, '10000234', '10000164')
2025-06-09 14:27:25,295 - INFO - POST sent for camera 2, pair (10000234, 10000164): 200
2025-06-09 14:27:42,983 - ERROR - Error in delay_post_request for camera 1, pair (10000146, 10000164): (1, '10000146', '10000164')
2025-06-09 14:27:42,988 - INFO - POST sent for camera 2, pair (10000146, 10000164): 200
2025-06-09 14:27:45,194 - ERROR - Error in delay_post_request for camera 0, pair (10000163, 10000141): (0, '10000163', '10000141')
2025-06-09 14:27:45,198 - INFO - POST sent for camera 1, pair (10000163, 10000141): 200
2025-06-09 14:27:53,127 - ERROR - Error in delay_post_request for camera 1, pair (10000234, 10000164): (1, '10000234', '10000164')
2025-06-09 14:27:53,131 - INFO - POST sent for camera 2, pair (10000234, 10000164): 200
2025-06-09 14:28:05,487 - ERROR - Error in delay_post_request for camera 0, pair (10000160, 10000170): (0, '10000160', '10000170')
2025-06-09 14:28:05,491 - INFO - POST sent for camera 1, pair (10000160, 10000170): 200
2025-06-09 14:28:07,998 - ERROR - Error in delay_post_request for camera 1, pair (10000146, 10000164): (1, '10000146', '10000164')
2025-06-09 14:28:08,002 - INFO - POST sent for camera 2, pair (10000146, 10000164): 200
2025-06-09 14:28:15,636 - ERROR - Error in delay_post_request for camera 0, pair (10000161, 10000171): (0, '10000161', '10000171')
2025-06-09 14:28:15,640 - INFO - POST sent for camera 1, pair (10000161, 10000171): 200
2025-06-09 14:28:18,153 - ERROR - Error in delay_post_request for camera 1, pair (10000234, 10000164): (1, '10000234', '10000164')
2025-06-09 14:28:18,157 - INFO - POST sent for camera 2, pair (10000234, 10000164): 200
2025-06-09 14:28:25,804 - ERROR - Error in delay_post_request for camera 0, pair (10000162, 10000140): (0, '10000162', '10000140')
2025-06-09 14:28:25,811 - INFO - POST sent for camera 1, pair (10000162, 10000140): 200
2025-06-09 14:28:28,318 - ERROR - Error in delay_post_request for camera 1, pair (10000146, 10000164): (1, '10000146', '10000164')
2025-06-09 14:28:28,323 - INFO - POST sent for camera 2, pair (10000146, 10000164): 200
2025-06-09 14:28:35,954 - ERROR - Error in delay_post_request for camera 0, pair (10000163, 10000141): (0, '10000163', '10000141')
2025-06-09 14:28:35,959 - INFO - POST sent for camera 1, pair (10000163, 10000141): 200
2025-06-09 14:28:38,468 - ERROR - Error in delay_post_request for camera 1, pair (10000234, 10000164): (1, '10000234', '10000164')
2025-06-09 14:28:38,472 - INFO - POST sent for camera 2, pair (10000234, 10000164): 200
2025-06-09 14:28:46,114 - ERROR - Error in delay_post_request for camera 0, pair (10000160, 10000170): (0, '10000160', '10000170')
2025-06-09 14:28:46,118 - INFO - POST sent for camera 1, pair (10000160, 10000170): 200
2025-06-09 14:28:56,281 - ERROR - Error in delay_post_request for camera 0, pair (10000161, 10000171): (0, '10000161', '10000171')
2025-06-09 14:28:56,285 - INFO - POST sent for camera 1, pair (10000161, 10000171): 200
2025-06-09 14:28:56,987 - ERROR - Error in delay_post_request for camera 1, pair (10000146, 10000164): (1, '10000146', '10000164')
2025-06-09 14:28:56,991 - INFO - POST sent for camera 2, pair (10000146, 10000164): 200
2025-06-09 14:29:06,443 - ERROR - Error in delay_post_request for camera 0, pair (10000162, 10000140): (0, '10000162', '10000140')
2025-06-09 14:29:06,447 - INFO - POST sent for camera 1, pair (10000162, 10000140): 200
2025-06-09 14:29:07,147 - ERROR - Error in delay_post_request for camera 1, pair (10000234, 10000164): (1, '10000234', '10000164')
2025-06-09 14:29:07,152 - INFO - POST sent for camera 2, pair (10000234, 10000164): 200
2025-06-09 14:29:16,594 - ERROR - Error in delay_post_request for camera 0, pair (10000163, 10000141): (0, '10000163', '10000141')
2025-06-09 14:29:16,598 - INFO - POST sent for camera 1, pair (10000163, 10000141): 200
2025-06-09 14:29:17,299 - ERROR - Error in delay_post_request for camera 1, pair (10000146, 10000164): (1, '10000146', '10000164')
2025-06-09 14:29:17,304 - INFO - POST sent for camera 2, pair (10000146, 10000164): 200
2025-06-09 14:29:26,746 - ERROR - Error in delay_post_request for camera 0, pair (10000160, 10000170): (0, '10000160', '10000170')
2025-06-09 14:29:26,751 - INFO - POST sent for camera 1, pair (10000160, 10000170): 200
2025-06-09 14:29:27,451 - ERROR - Error in delay_post_request for camera 1, pair (10000234, 10000164): (1, '10000234', '10000164')
2025-06-09 14:29:27,456 - INFO - POST sent for camera 2, pair (10000234, 10000164): 200
2025-06-09 14:29:36,914 - ERROR - Error in delay_post_request for camera 0, pair (10000161, 10000171): (0, '10000161', '10000171')
2025-06-09 14:29:36,918 - INFO - POST sent for camera 1, pair (10000161, 10000171): 200
2025-06-09 14:29:43,361 - ERROR - Error in delay_post_request for camera 1, pair (10000146, 10000164): (1, '10000146', '10000164')
2025-06-09 14:29:43,366 - INFO - POST sent for camera 2, pair (10000146, 10000164): 200
2025-06-09 14:29:47,083 - ERROR - Error in delay_post_request for camera 0, pair (10000162, 10000140): (0, '10000162', '10000140')
2025-06-09 14:29:47,087 - INFO - POST sent for camera 1, pair (10000162, 10000140): 200
2025-06-09 14:29:53,516 - ERROR - Error in delay_post_request for camera 1, pair (10000234, 10000164): (1, '10000234', '10000164')
2025-06-09 14:29:53,520 - INFO - POST sent for camera 2, pair (10000234, 10000164): 200
2025-06-09 14:29:57,241 - ERROR - Error in delay_post_request for camera 0, pair (10000163, 10000141): (0, '10000163', '10000141')
2025-06-09 14:29:57,246 - INFO - POST sent for camera 1, pair (10000163, 10000141): 200
2025-06-09 14:30:07,391 - ERROR - Error in delay_post_request for camera 0, pair (10000160, 10000170): (0, '10000160', '10000170')
2025-06-09 14:30:07,396 - INFO - POST sent for camera 1, pair (10000160, 10000170): 200
2025-06-09 14:30:14,721 - ERROR - Error in delay_post_request for camera 1, pair (10000146, 10000164): (1, '10000146', '10000164')
2025-06-09 14:30:14,724 - INFO - POST sent for camera 2, pair (10000146, 10000164): 200
2025-06-09 14:30:17,543 - ERROR - Error in delay_post_request for camera 0, pair (10000161, 10000171): (0, '10000161', '10000171')
2025-06-09 14:30:17,547 - INFO - POST sent for camera 1, pair (10000161, 10000171): 200
2025-06-09 14:30:24,898 - ERROR - Error in delay_post_request for camera 1, pair (10000234, 10000164): (1, '10000234', '10000164')
2025-06-09 14:30:24,902 - INFO - POST sent for camera 2, pair (10000234, 10000164): 200
2025-06-09 14:30:27,718 - ERROR - Error in delay_post_request for camera 0, pair (10000162, 10000140): (0, '10000162', '10000140')
2025-06-09 14:30:27,722 - INFO - POST sent for camera 1, pair (10000162, 10000140): 200
2025-06-09 14:30:37,877 - ERROR - Error in delay_post_request for camera 0, pair (10000163, 10000141): (0, '10000163', '10000141')
2025-06-09 14:30:37,881 - INFO - POST sent for camera 1, pair (10000163, 10000141): 200
2025-06-09 14:57:51,533 - INFO - POST request initiated for camera 0, pair (10000160, 10000170)
2025-06-09 14:57:51,542 - WARNING - POST failed for camera 1, pair (10000160, 10000170): Status 200
2025-06-09 14:58:12,138 - INFO - POST request initiated for camera 0, pair (10000160, 10000170)
2025-06-09 14:58:12,143 - WARNING - POST failed for camera 1, pair (10000160, 10000170): Status 200
2025-06-09 14:58:33,043 - INFO - POST request initiated for camera 0, pair (10000160, 10000170)
2025-06-09 14:58:33,048 - WARNING - POST failed for camera 1, pair (10000160, 10000170): Status 200
2025-06-09 14:58:43,198 - INFO - POST request initiated for camera 0, pair (10000160, 10000170)
2025-06-09 14:58:43,203 - WARNING - POST failed for camera 1, pair (10000160, 10000170): Status 200
2025-06-09 14:59:05,034 - INFO - POST request initiated for camera 0, pair (10000160, 10000170)
2025-06-09 14:59:05,039 - WARNING - POST failed for camera 1, pair (10000160, 10000170): Status 200
2025-06-09 14:59:15,193 - INFO - POST request initiated for camera 0, pair (10000160, 10000170)
2025-06-09 14:59:15,198 - WARNING - POST failed for camera 1, pair (10000160, 10000170): Status 200
2025-06-09 14:59:25,348 - INFO - POST request initiated for camera 0, pair (10000160, 10000170)
2025-06-09 14:59:25,354 - WARNING - POST failed for camera 1, pair (10000160, 10000170): Status 200
2025-06-09 14:59:35,498 - INFO - POST request initiated for camera 0, pair (10000160, 10000170)
2025-06-09 14:59:35,503 - WARNING - POST failed for camera 1, pair (10000160, 10000170): Status 200
2025-06-09 14:59:45,658 - INFO - POST request initiated for camera 0, pair (10000160, 10000170)
2025-06-09 14:59:45,662 - WARNING - POST failed for camera 1, pair (10000160, 10000170): Status 200
2025-06-09 14:59:55,820 - INFO - POST request initiated for camera 0, pair (10000160, 10000170)
2025-06-09 14:59:55,824 - WARNING - POST failed for camera 1, pair (10000160, 10000170): Status 200
2025-06-09 15:02:48,719 - INFO - POST request initiated for camera 0, pair (10000160, 10000170)
2025-06-09 15:02:58,876 - INFO - POST request initiated for camera 0, pair (10000160, 10000170)
2025-06-09 15:06:18,706 - INFO - POST request initiated for camera 0, pair (10000160, 10000170)
2025-06-09 15:06:54,204 - INFO - POST request initiated for camera 0, pair (10000160, 10000170)
2025-06-09 15:07:14,497 - INFO - POST request initiated for camera 0, pair (10000160, 10000170)
2025-06-09 15:07:38,559 - INFO - POST request initiated for camera 0, pair (10000160, 10000170)
2025-06-09 15:16:28,460 - INFO - POST request initiated for camera 0, pair (10000160, 10000170)
2025-06-09 15:16:28,469 - INFO - POST sent for camera 1, pair (10000160, 10000170): 200
2025-06-09 15:17:37,786 - INFO - POST request initiated for camera 1, pair (10000146, 10000164)
2025-06-09 15:17:37,791 - INFO - POST sent for camera 2, pair (10000146, 10000164): 200
2025-06-09 15:27:53,828 - INFO - POST request initiated for camera 0, pair (10000160, 10000170)
2025-06-09 15:27:53,836 - INFO - POST sent for camera 1, pair (10000160, 10000170): 200
2025-06-09 15:31:28,939 - INFO - POST request initiated for camera 2, pair (10000172, 10000147)
2025-06-09 15:31:28,944 - INFO - POST sent for camera 3, pair (10000172, 10000147): 200
2025-06-09 15:39:34,781 - INFO - POST request initiated for camera 0, pair (10000160, 10000170)
2025-06-09 15:39:34,789 - INFO - POST sent for camera 1, pair (10000160, 10000170): 200
2025-06-09 15:40:46,070 - INFO - POST request initiated for camera 1, pair (10000146, 10000164)
2025-06-09 15:40:46,075 - INFO - POST sent for camera 2, pair (10000146, 10000164): 200
2025-06-09 15:43:39,004 - INFO - POST request initiated for camera 0, pair (10000160, 10000170)
2025-06-09 15:43:39,012 - INFO - POST sent for camera 1, pair (10000160, 10000170): 200
2025-06-09 15:45:02,999 - INFO - POST request initiated for camera 0, pair (10000160, 10000170)
2025-06-09 15:45:03,007 - INFO - POST sent for camera 1, pair (10000160, 10000170): 200
2025-06-09 15:46:04,231 - INFO - POST request initiated for camera 1, pair (10000146, 10000164)
2025-06-09 15:46:04,236 - INFO - POST sent for camera 2, pair (10000146, 10000164): 200
2025-06-09 15:51:29,232 - INFO - POST request initiated for camera 2, pair (10000172, 10000147)
2025-06-09 15:51:29,237 - INFO - POST sent for camera 3, pair (10000172, 10000147): 200
